Not Found: /favicon.ico
Not Found: /ab2g
Not Found: /favicon.ico
Not Found: /robots.txt
Invalid HTTP_HOST header: 'h5s.zhibofacai.com'. You may need to add 'h5s.zhibofacai.com' to ALLOWED_HOSTS.
Bad Request: /index.html
Not Found: /config/getuser
Not Found: /oMhO3xk1A9zHZlpUBGLbSKcnwNp
Not Found: /.env
Forbidden (CSRF cookie not set.): /
Invalid HTTP_HOST header: '5.188.210.227'. You may need to add '5.188.210.227' to ALLOWED_HOSTS.
Bad Request: /echo.php
Invalid HTTP_HOST header: '110.242.68.4'. You may need to add '110.242.68.4' to ALLOWED_HOSTS.
Bad Request: /
Not Found: /GponForm/diag_Form
Not Found: /favicon.ico
Not Found: /index
Not Found: /index/
*** Starting uWSGI 2.0.20 (64bit) on [Wed Mar 30 10:17:49 2022] ***
compiled with version: 9.3.0 on 31 January 2022 07:56:36
os: Linux-5.4.0-90-generic #101-Ubuntu SMP Fri Oct 15 20:00:55 UTC 2021
nodename: VM-12-3-ubuntu
machine: x86_64
clock source: unix
detected number of CPU cores: 2
current working directory: /home/ubuntu/anaconda3/envs/DjangoZmlhjf/django_Zmlhjf
detected binary path: /usr/local/bin/uwsgi
!!! no internal routing support, rebuild with pcre support !!!
uWSGI running as root, you can use --uid/--gid/--chroot options
*** WARNING: you are running uWSGI as root !!! (use the --uid flag) *** 
chdir() to /home/ubuntu/anaconda3/envs/DjangoZmlhjf/django_Zmlhjf
your processes number limit is 15359
your memory page size is 4096 bytes
detected max file descriptor number: 1024
lock engine: pthread robust mutexes
thunder lock: disabled (you can enable it with --thunder-lock)
uwsgi socket 0 bound to TCP address 127.0.0.1:8000 fd 3
uWSGI running as root, you can use --uid/--gid/--chroot options
*** WARNING: you are running uWSGI as root !!! (use the --uid flag) *** 
Python version: 3.9.5 (default, Nov 23 2021, 15:27:38)  [GCC 9.3.0]
Set PythonHome to /home/ubuntu/anaconda3/envs/DjangoZmlhjf
*** Python threads support is disabled. You can enable it with --enable-threads ***
Python main interpreter initialized at 0x559ebc6a0ce0
uWSGI running as root, you can use --uid/--gid/--chroot options
*** WARNING: you are running uWSGI as root !!! (use the --uid flag) *** 
your server socket listen backlog is limited to 100 connections
your mercy for graceful operations on workers is 60 seconds
mapped 145808 bytes (142 KB) for 1 cores
*** Operational MODE: single process ***
WSGI app 0 (mountpoint='') ready in 1 seconds on interpreter 0x559ebc6a0ce0 pid: 3668376 (default app)
uWSGI running as root, you can use --uid/--gid/--chroot options
*** WARNING: you are running uWSGI as root !!! (use the --uid flag) *** 
*** uWSGI is running in multiple interpreter mode ***
spawned uWSGI master process (pid: 3668376)
spawned uWSGI worker 1 (pid: 3668379, cores: 1)
*** Starting uWSGI 2.0.20 (64bit) on [Wed Mar 30 10:53:28 2022] ***
compiled with version: 9.3.0 on 31 January 2022 07:56:36
os: Linux-5.4.0-90-generic #101-Ubuntu SMP Fri Oct 15 20:00:55 UTC 2021
nodename: VM-12-3-ubuntu
machine: x86_64
clock source: unix
detected number of CPU cores: 2
current working directory: /home/ubuntu/anaconda3/envs/DjangoZmlhjf/django_Zmlhjf
detected binary path: /usr/local/bin/uwsgi
!!! no internal routing support, rebuild with pcre support !!!
uWSGI running as root, you can use --uid/--gid/--chroot options
*** WARNING: you are running uWSGI as root !!! (use the --uid flag) *** 
chdir() to /home/ubuntu/anaconda3/envs/DjangoZmlhjf/django_Zmlhjf
your processes number limit is 15359
your memory page size is 4096 bytes
detected max file descriptor number: 1024
lock engine: pthread robust mutexes
thunder lock: disabled (you can enable it with --thunder-lock)
uwsgi socket 0 bound to TCP address 127.0.0.1:8000 fd 3
uWSGI running as root, you can use --uid/--gid/--chroot options
*** WARNING: you are running uWSGI as root !!! (use the --uid flag) *** 
Python version: 3.9.5 (default, Nov 23 2021, 15:27:38)  [GCC 9.3.0]
Set PythonHome to /home/ubuntu/anaconda3/envs/DjangoZmlhjf
*** Python threads support is disabled. You can enable it with --enable-threads ***
Python main interpreter initialized at 0x558593fd9ce0
uWSGI running as root, you can use --uid/--gid/--chroot options
*** WARNING: you are running uWSGI as root !!! (use the --uid flag) *** 
your server socket listen backlog is limited to 100 connections
your mercy for graceful operations on workers is 60 seconds
mapped 145808 bytes (142 KB) for 1 cores
*** Operational MODE: single process ***
WSGI app 0 (mountpoint='') ready in 0 seconds on interpreter 0x558593fd9ce0 pid: 3673645 (default app)
uWSGI running as root, you can use --uid/--gid/--chroot options
*** WARNING: you are running uWSGI as root !!! (use the --uid flag) *** 
*** uWSGI is running in multiple interpreter mode ***
spawned uWSGI master process (pid: 3673645)
spawned uWSGI worker 1 (pid: 3673651, cores: 1)
Internal Server Error: /loginAndRegister/
Traceback (most recent call last):
  File "/home/ubuntu/anaconda3/envs/DjangoZmlhjf/lib/python3.9/site-packages/django/core/handlers/exception.py", line 47, in inner
    response = get_response(request)
  File "/home/ubuntu/anaconda3/envs/DjangoZmlhjf/lib/python3.9/site-packages/django/core/handlers/base.py", line 181, in _get_response
    response = wrapped_callback(request, *callback_args, **callback_kwargs)
  File "/home/ubuntu/anaconda3/envs/DjangoZmlhjf/django_Zmlhjf/./login/views.py", line 58, in login_and_register
    same_name_user = User.objects.get(name=username_register)
  File "/home/ubuntu/anaconda3/envs/DjangoZmlhjf/lib/python3.9/site-packages/django/db/models/manager.py", line 85, in manager_method
    return getattr(self.get_queryset(), name)(*args, **kwargs)
  File "/home/ubuntu/anaconda3/envs/DjangoZmlhjf/lib/python3.9/site-packages/django/db/models/query.py", line 439, in get
    raise self.model.DoesNotExist(
login.models.User.DoesNotExist: User matching query does not exist.
*** Starting uWSGI 2.0.20 (64bit) on [Wed Mar 30 11:04:01 2022] ***
compiled with version: 9.3.0 on 31 January 2022 07:56:36
os: Linux-5.4.0-90-generic #101-Ubuntu SMP Fri Oct 15 20:00:55 UTC 2021
nodename: VM-12-3-ubuntu
machine: x86_64
clock source: unix
detected number of CPU cores: 2
current working directory: /home/ubuntu/anaconda3/envs/DjangoZmlhjf/django_Zmlhjf
detected binary path: /usr/local/bin/uwsgi
!!! no internal routing support, rebuild with pcre support !!!
uWSGI running as root, you can use --uid/--gid/--chroot options
*** WARNING: you are running uWSGI as root !!! (use the --uid flag) *** 
chdir() to /home/ubuntu/anaconda3/envs/DjangoZmlhjf/django_Zmlhjf
your processes number limit is 15359
your memory page size is 4096 bytes
detected max file descriptor number: 1024
lock engine: pthread robust mutexes
thunder lock: disabled (you can enable it with --thunder-lock)
uwsgi socket 0 bound to TCP address 127.0.0.1:8000 fd 3
uWSGI running as root, you can use --uid/--gid/--chroot options
*** WARNING: you are running uWSGI as root !!! (use the --uid flag) *** 
Python version: 3.9.5 (default, Nov 23 2021, 15:27:38)  [GCC 9.3.0]
Set PythonHome to /home/ubuntu/anaconda3/envs/DjangoZmlhjf
*** Python threads support is disabled. You can enable it with --enable-threads ***
Python main interpreter initialized at 0x55c9dc845ce0
uWSGI running as root, you can use --uid/--gid/--chroot options
*** WARNING: you are running uWSGI as root !!! (use the --uid flag) *** 
your server socket listen backlog is limited to 100 connections
your mercy for graceful operations on workers is 60 seconds
mapped 145808 bytes (142 KB) for 1 cores
*** Operational MODE: single process ***
WSGI app 0 (mountpoint='') ready in 0 seconds on interpreter 0x55c9dc845ce0 pid: 3675170 (default app)
uWSGI running as root, you can use --uid/--gid/--chroot options
*** WARNING: you are running uWSGI as root !!! (use the --uid flag) *** 
*** uWSGI is running in multiple interpreter mode ***
spawned uWSGI master process (pid: 3675170)
spawned uWSGI worker 1 (pid: 3675190, cores: 1)
*** Starting uWSGI 2.0.20 (64bit) on [Wed Mar 30 11:17:36 2022] ***
compiled with version: 9.3.0 on 31 January 2022 07:56:36
os: Linux-5.4.0-90-generic #101-Ubuntu SMP Fri Oct 15 20:00:55 UTC 2021
nodename: VM-12-3-ubuntu
machine: x86_64
clock source: unix
detected number of CPU cores: 2
current working directory: /home/ubuntu/anaconda3/envs/DjangoZmlhjf/django_Zmlhjf
detected binary path: /usr/local/bin/uwsgi
!!! no internal routing support, rebuild with pcre support !!!
uWSGI running as root, you can use --uid/--gid/--chroot options
*** WARNING: you are running uWSGI as root !!! (use the --uid flag) *** 
chdir() to /home/ubuntu/anaconda3/envs/DjangoZmlhjf/django_Zmlhjf
your processes number limit is 15359
your memory page size is 4096 bytes
detected max file descriptor number: 1024
lock engine: pthread robust mutexes
thunder lock: disabled (you can enable it with --thunder-lock)
uwsgi socket 0 bound to TCP address 127.0.0.1:8000 fd 3
uWSGI running as root, you can use --uid/--gid/--chroot options
*** WARNING: you are running uWSGI as root !!! (use the --uid flag) *** 
Python version: 3.9.5 (default, Nov 23 2021, 15:27:38)  [GCC 9.3.0]
Set PythonHome to /home/ubuntu/anaconda3/envs/DjangoZmlhjf
*** Python threads support is disabled. You can enable it with --enable-threads ***
Python main interpreter initialized at 0x5631ed53fce0
uWSGI running as root, you can use --uid/--gid/--chroot options
*** WARNING: you are running uWSGI as root !!! (use the --uid flag) *** 
your server socket listen backlog is limited to 100 connections
your mercy for graceful operations on workers is 60 seconds
mapped 145808 bytes (142 KB) for 1 cores
*** Operational MODE: single process ***
WSGI app 0 (mountpoint='') ready in 0 seconds on interpreter 0x5631ed53fce0 pid: 3677139 (default app)
uWSGI running as root, you can use --uid/--gid/--chroot options
*** WARNING: you are running uWSGI as root !!! (use the --uid flag) *** 
*** uWSGI is running in multiple interpreter mode ***
spawned uWSGI master process (pid: 3677139)
spawned uWSGI worker 1 (pid: 3677140, cores: 1)
Not Found: /vendor/phpunit/phpunit/src/Util/PHP/eval-stdin.php
Not Found: /.env
Not Found: /vendor/phpunit/phpunit/src/Util/PHP/eval-stdin.php
Invalid HTTP_HOST header: 'www.baidu.com'. You may need to add 'www.baidu.com' to ALLOWED_HOSTS.
Bad Request: /
Not Found: /config/getuser
Not Found: /solr/admin/info/system
Not Found: /index.php
Not Found: /index.php
Not Found: /phpmyadmin/index.php
Not Found: /boaform/admin/formLogin
Not Found: /Autodiscover/Autodiscover.xml
Not Found: /text4041648622680
Not Found: /HNAP1
Not Found: /sdk
Not Found: /evox/about
Not Found: /favicon.ico
Not Found: /robots.txt
Not Found: /console/
Not Found: /_ignition/execute-solution
Not Found: /shell
Not Found: /portal/redlion
Not Found: /actuator/health
Invalid HTTP_HOST header: '110.242.68.4'. You may need to add '110.242.68.4' to ALLOWED_HOSTS.
Bad Request: /
Not Found: /favicon.ico
Not Found: /navigation.html
Not Found: /cgi-bin/luci/;stok=/locale
Not Found: /fx_plcinf.html
Not Found: /ifixwebspace/
Not Found: /KingViewWeb/
Not Found: /webconfig.ini
Not Found: /web/cgi-bin/hi3510/param.cgi
Not Found: /aaa9
Not Found: /aab9
Not Found: /NULL.printer
Not Found: /.pl
Not Found: /*.idc
Not Found: /*.idq
Not Found: /*.ida
Not Found: /........../autoexec.bat
Not Found: /....../ all
Not Found: /....../etc/hosts
Not Found: /.access
Not Found: /.bash_history
Not Found: /.htaccess
Not Found: /.passwd
Not Found: /_AuthChangeUrl
Not Found: /_AuthChangeUrl
Not Found: /.htpasswd
Not Found: /_mem_bin/..%C0/..%C0/winnt/system32/cmd.exe
Not Found: /_mem_bin/..%C0%AF..%C0%AF..%C0%AF../winnt/system32/cmd.exe
Not Found: /_mem_bin/..%C0%AF../..%C0%AF../..%C0%AF../winnt/system32/cmd.exe
Not Found: /_mem_bin/winnt/system32/cmd.exe
Not Found: /_mem_bin/..%C1..%C1..%C1../winnt/system32/cmd.exe
Not Found: /_mem_bin/..%C1../..%C1../..%C1../winnt/system32/cmd.exe
Not Found: /_mem_bin/..%C1%9C..%C1%9C..%C1%9C../winnt/system32/cmd.exe
Not Found: /_mem_bin/..%C1%9F../..%C1%9F../..%C1%9F../winnt/system32/cmd.exe
Not Found: /_mem_bin/..\..\..\../winnt/system32/cmd.exe
Not Found: /_mem_bin/..\..\..\../winnt/system32/cmd.exe
Not Found: /_mem_bin/.._../winnt/system32/cmd.exe
Not Found: /_private/form_results.txt
Not Found: /_private/orders.txt
Not Found: /_private/register.txt
Not Found: /_vti_bin/..%C0/..%C0/winnt/system32/cmd.exe
Not Found: /_vti_bin/winnt/system32/cmd.exe
Not Found: /_private
Not Found: /_vti_bin/winnt/system32/cmd.exe
Not Found: /_private/registrations.txt
Not Found: /_vti_bin/..%C0%AF../winnt/system32/cmd.exe
Not Found: /_vti_bin/..%C0%AF..%C0%AF..%C0%AF../winnt/system32/cmd.exe
Not Found: /_vti_bin/..%C0%AF../..%C0%AF../..%C0%AF../winnt/system32/cmd.exe
Not Found: /_vti_bin/..%C1..%C1..%C1../winnt/system32/cmd.exe
Not Found: /_vti_bin/..%C1../..%C1../..%C1../winnt/system32/cmd.exe
Not Found: /_vti_bin/..%C1%9F../..%C1%9F../..%C1%9F../winnt/system32/cmd.exe
Not Found: /_vti_bin/..%C1../winnt/system32/cmd.exe
Not Found: /_vti_bin/..%C1%9C..%C1%9C..%C1%9C../winnt/system32/cmd.exe
Not Found: /_vti_bin/..%C1%9F../winnt/system32/cmd.exe
Not Found: /_vti_bin/..\..\..\../winnt/system32/cmd.exe
Not Found: /_vti_bin/.._../winnt/system32/cmd.exe
Not Found: /_vti_bin/..\..\..\../winnt/system32/cmd.exe
Not Found: /_vti_bin/fpcount.exe
Not Found: /_vti_bin/fpexe
Not Found: /_vti_bin/shtml.dll
Not Found: /_vti_bin/shtml.exe
Not Found: /_vti_inf.html
Not Found: /_vti_pvt/administrator.pwd
Not Found: /_vti_pvt/administrators.pwd
Not Found: /_vti_pvt/
Not Found: /_vti_pvt/authors.pwd
Not Found: /_vti_pvt/author.log
Not Found: /_vti_pvt/doctodep.btr
Not Found: /_vti_pvt/service.grp
Not Found: /_vti_pvt/shtml.dll
Not Found: /_vti_pvt/shtml.exe
Not Found: /_vti_pvt/users.pwd
Not Found: /_vti_pvt/service.pwd
Not Found: /~bin
Not Found: /~guest
Not Found: /~ftp
Not Found: /~log
Not Found: /~lp
Not Found: /~logs
Not Found: /~root
Not Found: /~test
Not Found: /~named
Not Found: /~tmp
Not Found: /a.asp/..\../..\../winnt/repair/sam
Not Found: /abczxv.htw
Not Found: /Admin_files/order.log
Not Found: /adsamples/config/site.csc
Not Found: /admisapi/fpadmin.htm
Not Found: /app.cfm
Not Found: /ASPSamp/AdvWorks/equipment/catalog_type.asp
Not Found: /AdvWorks/equipment/catalog_type.asp
Not Found: /autoexec.bat
Not Found: /bb-dnbd/bb-hist.sh
Not Found: /bdir.htr
Not Found: /bin/jscripts/GneteFuncs.js
Not Found: /bin/scripts/winnt/system32/cmd.exe
Not Found: /bin
Not Found: /bin/scripts/winnt/system32/cmd.exe
Not Found: /bin/scripts/..%C0%AF../..%C0%AF../..%C0%AF../winnt/system32/cmd.exe
Not Found: /bin/scripts/..%C1../..%C1../..%C1../winnt/system32/cmd.exe
Not Found: /bin/scripts/..%C0%AF../winnt/system32/cmd.exe
Not Found: /bin/scripts/..%C1%9F../..%C1%9F../..%C1%9F../winnt/system32/cmd.exe
Not Found: /bin/scripts/..%C1../winnt/system32/cmd.exe
Not Found: /bin/scripts/..%C1%9F../winnt/system32/cmd.exe
Not Found: /bin/
Not Found: /bin/
Not Found: /bin/scripts/..\..\..\../winnt/system32/cmd.exe
Not Found: /blabla.idq
Not Found: /carbo.dll
Not Found: /bin/scripts/openvendor/gnete/RetrievePNBody.asp
Not Found: /catalog.nsf
Not Found: /catalog.nsf/
Not Found: /ccbill/secure/ccbill.log
Not Found: /cfappman/index.cfm
Not Found: /cfcache.map
Not Found: /cfdocs/exampleapp/email/getfile.cfm
Not Found: /cfdocs/exampleapp/publish/admin/addcontent.cfm
Not Found: /cfdocs/cfmlsyntaxcheck.cfm
Not Found: /cfdocs/exampleapp/email/getfile.cfm
Not Found: /cfdocs/exampleapp/docs/sourcewindow.cfm
Not Found: /cfdocs/examples/httpclient/mainframeset.cfm
Not Found: /cfdocs/examples/cvbeans/beaninfo.cfm
Not Found: /cfdocs/examples/parks/detail.cfm
Not Found: /cfdocs/expelval/displayopenedfile.cfm
Not Found: /cfdocs/expelval/openfile.cfm
Not Found: /cfdocs/expelval/exprcalc.cfm
Not Found: /cfdocs/expelval/sendmail.cfm
Not Found: /cfdocs/expeval/displayopenedfile.cfm
Not Found: /cfdocs/expeval/eval.cfm
Not Found: /cfdocs/expeval/ExprCalc.cfm
Not Found: /cfdocs/expeval/sendmail.cfm
Not Found: /cfdocs/expeval/exprcalc.cfm
Not Found: /cfdocs/root.cfm
Not Found: /cfdocs/snippets/evaluate.cfm
Not Found: /cfdocs/snippets/fileexists.cfm
Not Found: /cfdocs/snippets/gettempdirectory.cfm
Not Found: /cfdocs/snippets/viewexample.cfm
Not Found: /cfide/administrator/index.cfm
Not Found: /cfusion/cfapps/forums/data/forums.mdb
Not Found: /cfusion/cfapps/security/realm_.mdb
Not Found: /cfusion/database/cfsnippets.mdb
Not Found: /cfusion/database/smpolicy.mdb
Not Found: /cgi
Not Found: /cgibin
Not Found: /cgi-bin
Not Found: /Cgi-Bin/
Not Found: /cgi-bin/..%C1..%C1..%C1../winnt/system32/cmd.exe
Not Found: /cgi-bin/..%C0/..%C0/winnt/system32/cmd.exe
Not Found: /cgi-bin/..%C0%AF..%C0%AF..%C0%AF../winnt/system32/cmd.exe
Not Found: /cgi-bin/..%C1%9C..%C1%9C..%C1%9C../winnt/system32/cmd.exe
Not Found: /cgi-bin/.._../winnt/system32/cmd.exe
Not Found: /cgi-bin/add_ftp.cgi
Not Found: /cgi-bin/..\..\..\../winnt/system32/cmd.exe
Not Found: /cgi-bin/Admin_files/order.log
Not Found: /cfusion/database/cypress.mdb
Not Found: /cgi-bin/adpassword.txt
Not Found: /cgi-bin/adp
Not Found: /cgi-bin/ads.setup
Not Found: /Cgi-Bin/aglimpse.cgi
Not Found: /cgi-bin/aglimpse
Not Found: /HNAP1/
Not Found: /cgi-bin/aglimpse.cgi
Not Found: /cgi-bin/alibaba.pl
Not Found: /cgi-bin/alibaba.pl\dir
Not Found: /cgi-bin/allmanage/adp
Not Found: /Cgi-Bin/alibaba.pl
Not Found: /cgi-bin/allmanage.pl
Not Found: /cgi-bin/allmanage/k
Not Found: /cgi-bin/allmanage/userfile.dat
Not Found: /cgi-bin/AnyBoard.cgi
Not Found: /cgi-bin/anyboard.cgi
Not Found: /cgi-bin/allmanageup.pl
Not Found: /cgi-bin/AnyForm
Not Found: /cgi-bin/architext_query.pl
Not Found: /cgi-bin/AnyForm2
Not Found: /cgi-bin/AnyForm.cgi
Not Found: /cgi-bin/ash
Not Found: /cgi-bin/authorize/dbmfiles/users
Not Found: /cgi-bin/AT-admin.cgi
Not Found: /cgi-bin/ax-admin.cgi
Not Found: /cgi-bin/ax.cgi
Not Found: /cgi-bin/archie
Not Found: /cgi-bin/axs.cgi
Not Found: /cgi-bin/bash
Not Found: /cgi-bin/AT-generate.cgi
Not Found: /cgi-bin/bb-hist.sh
Not Found: /cgi-bin/bigconf.cgi all
Not Found: /cgi-bin/bizdb1-search.cgi
Not Found: /cgi-bin/bnbform.cgi
Not Found: /cgi-bin/bigconf.cgi
Not Found: /cgi-bin/bnbform
Not Found: /cgi-bin/calendar
Not Found: /cgi-bin/calender.pl
Not Found: /cgi-bin/calender_admin.pl
Not Found: /cgi-bin/campas
Not Found: /cgi-bin/carbo.dll
Not Found: /Cgi-Bin/campas
Not Found: /cgi-bin/cachemgr.cgi
Not Found: /cgi-bin/cart.pl
Not Found: /cgi-bin/ceilidh.exe/ceilidh/
Not Found: /cgi-bin/cgimail.exe
Not Found: /cgi-bin/Cgitest.exe
Not Found: /cgi-bin/classified.cgi
Not Found: /cgi-bin/clickresponder.pl
Not Found: /cgi-bin/cgiwrap
Not Found: /Cgi-Bin/cgitest.exe
Not Found: /Cgi-Bin/cmd32.exe
Not Found: /cgi-bin/cmd.exe
Not Found: /Cgi-Bin/cmd.exe
Not Found: /cgi-bin/Count.cgi
Not Found: /Cgi-Bin/cmd32.exe
Not Found: /Cgi-Bin/csh
Not Found: /Cgi-Bin/count.cgi
Not Found: /cgi-bin/csh
Not Found: /cgi-bin/day5datanotifier.cgi
Not Found: /cgi-bin/day5notifier
Not Found: /cgi-bin/day5datacopier.cgi
Not Found: /cgi-bin/dig.cgi
Not Found: /cgi-bin/counterfiglet
Not Found: /cgi-bin/dnewsweb
Not Found: /cgi-bin/dumpenv.pl
Not Found: /cgi-bin/download.cgi
Not Found: /Cgi-Bin/echo.bat
Not Found: /cgi-bin/edit.pl
Not Found: /cgi-bin/excite
Not Found: /Cgi-Bin/enivron.pl
Not Found: /Cgi-Bin/ezshopper/loadpage.cgi
Not Found: /Cgi-Bin/ezshopper/search.cgi
Not Found: /cgi-bin/environ.cgi
Not Found: /cgi-bin/faxsurvey
Not Found: /cgi-bin/filemail
Not Found: /cgi-bin/filemail.pl
Not Found: /cgi-bin/files.pl
Not Found: /cgi-bin/finger
Not Found: /Cgi-Bin/faxsurvey
Not Found: /cgi-bin/finger.cgi
Not Found: /cgi-bin/finger.pl
Not Found: /cgi-bin/flexform
Not Found: /cgi-bin/FormHandler.cgi
Not Found: /Cgi-Bin/formmail
Not Found: /Cgi-Bin/formmail.pl
Not Found: /cgi-bin/formmail.pl
Not Found: /Cgi-Bin/formmail.cgi
Not Found: /cgi-bin/fortune
Not Found: /cgi-bin/fpexplorer.exe
Not Found: /cgi-bin/fpexplore.exe
Not Found: /cgi-bin/fpcount.exe
Not Found: /cgi-bin/ftp/ftp.pl
Not Found: /Cgi-Bin/get32.exe
Not Found: /cgi-bin/get32.exe
Not Found: /cgi-bin/get32.exe\dir
Not Found: /cgi-bin/gH.cgi
Not Found: /cgi-bin/glimpse
Not Found: /cgi-bin/guestbook
Not Found: /cgi-bin/guestbook.cgi
Not Found: /cgi-bin/guestbook.pl
Not Found: /cgi-bin/handler
Not Found: /cgi-bin/handler.cgi
Not Found: /Cgi-Bin/htimage.exe
Not Found: /cgi-bin/htimage.exe
Not Found: /Cgi-Bin/hello.bat
Not Found: /cgi-bin/htmlscript
Not Found: /cgi-bin/htmlscript
Not Found: /cgi-bin/htsearch
Not Found: /Cgi-Bin/htsearch
Not Found: /cgi-bin/iisadmpwd/aexp2.htr
Not Found: /cgi-bin/iisadmpwd/aexp.htr
Not Found: /cgi-bin/imagemap.exe
Not Found: /cgi-bin/iisadmpwd/anot.htr
Not Found: /cgi-bin/info2www
Not Found: /cgi-bin/input.bat
Not Found: /cgi-bin/jj
Not Found: /cgi-bin/iisadmpwd/achg.htr
Not Found: /cgi-bin/infosrch.cgi
Not Found: /Cgi-Bin/ksh
Not Found: /cgi-bin/k
Not Found: /Cgi-Bin/jj
Not Found: /Cgi-Bin/loadpage.cgi
Not Found: /cgi-bin/loadpage.cgi
Not Found: /cgi-bin/lwgate
Not Found: /cgi-bin/lwgate.cgi
Not Found: /cgi-bin/ksh
Not Found: /cgi-bin/mail
Not Found: /cgi-bin/mailform.exe
Not Found: /cgi-bin/MachineInfo
Not Found: /cgi-bin/makechanges/easysteps/easysteps.pl
Not Found: /cgi-bin/maillist.pl
Not Found: /cgi-bin/man.sh
Not Found: /cgi-bin/mlog.phtml
Not Found: /cgi-bin/LWGate.cgi
Not Found: /cgi-bin/mylog.phtml
Not Found: /cgi-bin/netstat
Not Found: /cgi-bin/nph-error.pl
Not Found: /cgi-bin/nlog-smb.pl
Not Found: /cgi-bin/nph-publish
Not Found: /Cgi-Bin/nph-test-cgi
Not Found: /cgi-bin/password
Not Found: /cgi-bin/passwd
Not Found: /cgi-bin/password.dat
Not Found: /cgi-bin/password.log
Not Found: /cgi-bin/perl
Not Found: /Cgi-Bin/perl.exe
Not Found: /cgi-bin/pfdispaly.cgi
Not Found: /cgi-bin/perlshop.cgi
Not Found: /cgi-bin/pfdisplay.cgi
Not Found: /cgi-bin/perl.exe
Not Found: /cgi-bin/password.txt
Not Found: /cgi-bin/phf
Not Found: /cgi-bin/phf.cgi
Not Found: /cgi-bin/photo_cfg.pl
Not Found: /Cgi-Bin/phf
Not Found: /cgi-bin/php
Not Found: /cgi-bin/phf.pp
Not Found: /cgi-bin/plusmail
Not Found: /cgi-bin/pfdisplay
Not Found: /cgi-bin/printenv
Not Found: /cgi-bin/phpscan
Not Found: /cgi-bin/redirect
Not Found: /cgi-bin/process_bug.cgi
Not Found: /cgi-bin/postcard.pl
Not Found: /cgi-bin/ppdscgi.exe
Not Found: /cgi-bin/php.cgi
Not Found: /cgi-bin/responder.cgi
Not Found: /cgi-bin/post-query
Not Found: /cgi-bin/responder
Not Found: /cgi-bin/query
Not Found: /cgi-bin/rguest.exe
Not Found: /cgi-bin/rksh
Not Found: /Cgi-Bin/rguest.exe
Not Found: /cgi-bin/rpm_query
Not Found: /cgi-bin/sam._
Not Found: /cgi-bin/rsh
Not Found: /cgi-bin/sawmill5
Not Found: /cgi-bin/scripts/perl.exe
Not Found: /cgi-bin/search.cgi
Not Found: /cgi-bin/sendform.cgi
Not Found: /cgi-bin/search97.vts
Not Found: /Cgi-Bin/search.cgi
Not Found: /cgi-bin/settings.cfg
Not Found: /Cgi-Bin/sh
Not Found: /cgi-bin/sh
Not Found: /cgi-bin/shop.cgi
Not Found: /cgi-bin/snorkerz.bat
Not Found: /cgi-bin/snorkerz.cmd
Not Found: /etc/passwd
Not Found: /cgi-bin/status.cgi
Not Found: /Cgi-Bin/sojourn.cgi
Not Found: /cgi-bin/survey.cgi
Not Found: /Cgi-Bin/tcsh
Not Found: /cgi-bin/sojourn
Not Found: /cgi-bin/tcsh
Not Found: /Cgi-Bin/testcgi
Not Found: /cgi-bin/test-cgi
Not Found: /cgi-bin/survey
Not Found: /Cgi-Bin/test-cgi/*
Not Found: /Cgi-Bin/test.cgi
Not Found: /cgi-bin/test-cgi.tcl
Not Found: /cgi-bin/test-cgi
Not Found: /cgi-bin/textcounter.pl
Not Found: /cgi-bin/test-env
Not Found: /cgi-bin/tpgnrock
Not Found: /cgi-bin/tst.bat
Not Found: /cgi-bin/tst.bat\dir
Not Found: /cgi-bin/UltraBoard.pl
Not Found: /cgi-bin/UltraBoard.cgi
Not Found: /cgi-bin/unlg1.2
Not Found: /cgi-bin/uptime
Not Found: /cgi-bin/unlg1.1
Not Found: /cgi-bin/user.dat
Not Found: /cgi-bin/user.log
Not Found: /cgi-bin/upload.pl
Not Found: /cgi-bin/userfile.dat
Not Found: /cgi-bin/view-source
Not Found: /Cgi-Bin/view-source
Not Found: /cgi-bin/visadmin.exe
Not Found: /cgi-bin/visadmin.exe
Not Found: /cgi-bin/w3-msql
Not Found: /cgi-bin/visitor.exe
Not Found: /cgi-bin/w3-msql/
Not Found: /cgi-bin/wais.pl
Not Found: /cgi-bin/webbbs.cgi
Not Found: /cgi-bin/w3-sql
Not Found: /cgi-bin/webdist.cgi
Not Found: /cgi-bin/w3tvars.pm
Not Found: /cgi-bin/webgais
Not Found: /cgi-bin/webwho.pl
Not Found: /cgi-bin/websendmail
Not Found: /Cgi-Bin/wguest.exe
Not Found: /cgi-bin/whois_raw.cgi
Not Found: /cgi-bin/webmap.cgi
Not Found: /cgi-bin/whois_raw.cgi
Not Found: /cgi-bin/webplus
Not Found: /cgi-bin/wguest.exe
Not Found: /cgi-bin/windmail.exe
Not Found: /cgi-bin/wrap
Not Found: /Cgi-Bin/wrap
Not Found: /Cgi-Bin/windmail.exe
Not Found: /cgi-bin/wwwadmin.pl
Not Found: /cgi-bin/wwwboard.pl
Not Found: /cgi-bin/wwwboard.cgi
Not Found: /cgi-bin/www-sql
Not Found: /cgi-dos/args.bat
Not Found: /cgi-dos/args.cmd
Not Found: /cgi-bin/zsh
Not Found: /cgi-local
Not Found: /cgi-shl/win-c-sample.exe
Not Found: /cgi-src
Not Found: /cgi-win
Not Found: /cgi-src/phf.c
Not Found: /Cgi-Win/uploader.exe
Not Found: /cgi-win/perl.exe
Not Found: /cgi-win/uploader.exe
Not Found: /cgi-win/wguest.exe
Not Found: /cmd.exe
Not Found: /com1
Not Found: /com2
Not Found: /com3
Not Found: /com4
Not Found: /con/con
Not Found: /config/checks.txt
Not Found: /config/mountain.cfg
Not Found: /config/orders.txt
Not Found: /config/import.txt
Not Found: /cool-logs/mlog.html
Not Found: /database.nsf
Not Found: /default.asp.Asp
Not Found: /cool-logs/mylog.html
Not Found: /default.asp.
Not Found: /default.asp.
Not Found: /default.asp%81
Not Found: /default.asp\\
Not Found: /domcfg.nsf
Not Found: /default.asp::$DATA
Not Found: /domcfg.nsf/
Not Found: /domcfg.nsf/
Not Found: /domlog.nsf
Not Found: /default.asp+.htr
Not Found: /domlog.nsf/
Not Found: /ews/ews/architext_query.pl
Not Found: /getfile.cfm
Not Found: /font9.css
Not Found: /GetFile.cfm
Not Found: /head.css
Not Found: /hosts.dat
Not Found: /global.asa+.htr
Not Found: /iisadmin/
Not Found: /IISADMPWD/achg.htr
Not Found: /iisadmpwd/achg.htr
Not Found: /iisadmpwd/aexp.htr
Not Found: /iisadmpwd/aexp2b.htr
Not Found: /iisadmpwd/aexp3.htr
Not Found: /iisadmpwd/aexp2.htr
Not Found: /iisadmpwd/anot3.htr
Not Found: /iisadmpwd/anot.htr
Not Found: /iisadmpwd/aexp4b.htr
Not Found: /iishelp/iis/misc/iirturnh.htw
Not Found: /iissamples/exair/howitworks/showcode.asp
Not Found: /iissamples/exair/howitworks/code.asp
Not Found: /iissamples/exair/search/advsearch.asp
Not Found: /iissamples/exair/howitworks/codebrws.asp
Not Found: /iissamples/exair/search/qfullhit.htw
Not Found: /iissamples/exair/search/qsumrhit.htw
Not Found: /IISSAMPLES/ExAir/Search/search.asp
Not Found: /iissamples/exair/search/search.idq
Not Found: /iissamples/iissamples/query.asp
Not Found: /iissamples/issamples/fastq.idq
Not Found: /iissamples/issamples/oop/qsumrhit.htw
Not Found: /iissamples/issamples/oop/qfullhit.htw
Not Found: /iissamples/issamples/query.idq
Not Found: /iissamples/issamples/query.asp
Not Found: /include/css.css
Not Found: /include/head.html
Not Found: /index.asp.Asp
Not Found: /index.asp.
Not Found: /index.asp\\
Not Found: /index.asp.
Not Found: /index.asp::$DATA
Not Found: /index.asp+.htr
Not Found: /log.nsf
Not Found: /log.nsf/
Not Found: /logs
Not Found: /log
Not Found: /mailview.cgi
Not Found: /main.asp.
Not Found: /main.asp.Asp
Not Found: /main.asp.
Not Found: /main.asp%81
Not Found: /main.asp::$DATA
Not Found: /main.asp\\
Not Found: /manage/cgi/cgiproc
Not Found: /msadc
Not Found: /mall_log_files/order.log
Not Found: /msadc/winnt/system32/cmd.exe
Not Found: /msadc/winnt/system32/cmd.exe
Not Found: /msadc/winnt/system32/cmd.exe
Not Found: /msadc/..%C0/..%C0/winnt/system32/cmd.exe
Not Found: /msadc/..%C0%AF..%C0%AF..%C0%AF../winnt/system32/cmd.exe
Not Found: /msadc/..%C0%AF../..%C0%AF../..%C0%AF../winnt/system32/cmd.exe
Not Found: /msadc/..%C0%AF../..%C0%AF../..%C0%AF../winnt/system32/cmd.exe
Not Found: /msadc/..%C0%AF../winnt/system32/cmd.exe
Not Found: /msadc/..%C1../..%C1../..%C1../winnt/system32/cmd.exe
Not Found: /msadc/..%C1..%C1..%C1../winnt/system32/cmd.exe
Not Found: /msadc/..%C1../winnt/system32/cmd.exe
Not Found: /msadc/..%C1../..%C1../..%C1../winnt/system32/cmd.exe
Not Found: /msadc/..%C1%9F../..%C1%9F../..%C1%9F../winnt/system32/cmd.exe
Not Found: /msadc/..%C1%9F../winnt/system32/cmd.exe
Not Found: /msadc/..\../..\../..\../winnt/system32/cmd.exe
Not Found: /msadc/..\../..\../..\../winnt/system32/cmd.exe
Not Found: /msadc/..\..\..\../winnt/system32/cmd.exe
Not Found: /msadc/msadcs.dll
Not Found: /msadc/Samples/SELECTOR/showcode.asp
Not Found: /msadc/.._../winnt/system32/cmd.exe
Not Found: /msadc/Samples/SELECTOR/codebrws.cfm
Not Found: /msadc/samples/selector/showcode.asp
Not Found: /msadc/samples/selector/showcode.asp_2
Not Found: /msads/Samples/SELECTOR/showcode.asp
Not Found: /names.nsf
Not Found: /names.nsf/Open
Not Found: /msads/samples/selector/showcode.asp
Not Found: /ncl_items.html
Not Found: /null.htw
Not Found: /navigate/ews/ews/architext_query.pl
Not Found: /order/order.log
Not Found: /orders/import.txt
Not Found: /orders/mountain.cfg
Not Found: /orders/order.log
Not Found: /ows-bin/perlidlc.bat
Not Found: /Orders/order.log
Not Found: /passwd
Not Found: /passwd.txt
Not Found: /password.dat
Not Found: /password.txt
Not Found: /password
Not Found: /password.log
Not Found: /PDG_Cart/order.log
Not Found: /pfdispaly.cgi
Not Found: /PDG_Cart/shopper.conf
Not Found: /ping
Not Found: /prxdocs/misc/prxrch.idq
Not Found: /photoads/cgi-bin/env.cgi
Not Found: /photoads/ads_data.pl
Not Found: /PSUser/PSCOErrPage.htm
Not Found: /publisher/
Not Found: /piranha/secure/passwd.php3
Not Found: /pw/storemgr.pw
Not Found: /quikstore.cfg
Not Found: /robots.txt
Not Found: /root
Not Found: /samples/search/queryhit.htm
Not Found: /script/winnt/system32/cmd.exe
Not Found: /script/..%C1../..%C1../..%C1../winnt/system32/cmd.exe
Not Found: /script/..%C0%AF../..%C0%AF../..%C0%AF../winnt/system32/cmd.exe
Not Found: /script/..%C1%9F../..%C1%9F../..%C1%9F../winnt/system32/cmd.exe
Not Found: /script/.._../winnt/system32/cmd.exe
Not Found: /scripts
Not Found: /scripts/
Not Found: /scripts/*
Not Found: /scripts/..%C0/..%C0/..%C0/winnt/system32/cmd.exe
Not Found: /scripts/winnt/system32/cmd.exe
Not Found: /scripts/*.pl
Not Found: /scripts/..%C0%AF..%C0%AF..%C0%AF..%C0%AF../winnt/system32/cmd.exe
Not Found: /scripts/winnt/system32/cmd.exe
Not Found: /scripts/..%C0%AF../..%C0%AF../..%C0%AF../winnt/system32/cmd.exe
Not Found: /scripts/winnt/system32/cmd.exe
Not Found: /scripts/..%C1../winnt/system32/cmd.exe
Not Found: /scripts/..%C0%AF../winnt/system32/cmd.exe
Not Found: /scripts/..%C0%AF../winnt/system32/cmd.exe
Not Found: /scripts/..%C1../winnt/system32/cmd.exe
Not Found: /scripts/..%C1..%C1..%C1..%C1../winnt/system32/cmd.exe
Not Found: /scripts/..%C1../..%C1../..%C1../winnt/system32/cmd.exe
Not Found: /scripts/..%C1%9C..%C1%9C..%C1%9C..%C1%9C../winnt/system32/cmd.exe
Not Found: /scripts/..%C1%9F../..%C1%9F../..%C1%9F../winnt/system32/cmd.exe
Not Found: /scripts/..%C1%9F../winnt/system32/cmd.exe
Not Found: /scripts/..\../winnt/system32/cmd.exe
Not Found: /scripts/c32web.exe/ChangeAdminPassword
Not Found: /scripts/.._../winnt/system32/cmd.exe
Not Found: /scripts/..\..\..\..\../winnt/system32/cmd.exe
Not Found: /scripts/cart32.exe/cart32clientlist
Not Found: /scripts/cmd.exe
Not Found: /scripts/cmd.exe
Not Found: /scripts/CGImail.exe
Not Found: /scripts/cmd32.exe
Not Found: /scripts/counter.exe
Not Found: /scripts/convert.bas
Not Found: /scripts/cpshost.dll
Not Found: /scripts/environ.pl
Not Found: /scripts/fpcount.exe
Not Found: /scripts/dbman/db.cgi
Not Found: /scripts/iisadmin/bdir.htr
Not Found: /scripts/iisadmin/ism.dll
Not Found: /scripts/htimage.exe
Not Found: /scripts/iisadmin/tools/mkilog.exe
Not Found: /scripts/iisadmin/tools/getdrvrs.exe
Not Found: /scripts/iisadmin/ism.dll
Not Found: /scripts/iisadmin/tools/ctss.idc
Not Found: /scripts/issadmin/bdir.htr
Not Found: /scripts/lsass.exe
Not Found: /scripts/no-such-file.pl
Not Found: /scripts/perl
Not Found: /scripts/pfieffer.bat
Not Found: /scripts/pfieffer.cmd
Not Found: /scripts/postinfo.asp
Not Found: /scripts/repost.asp
Not Found: /scripts/samples/ctguestb.idc
Not Found: /scripts/samples/search/author.idq
Not Found: /scripts/samples/search/filesize.idq
Not Found: /scripts/samples/details.idc
Not Found: /scripts/samples/search/qsumrhit.htw
Not Found: /scripts/samples/search/queryhit.idq
Not Found: /scripts/samples/search/simple.idq
Not Found: /scripts/samples/search/filetime.idq
Not Found: /scripts/samples/search/qfullhit.htw
Not Found: /scripts/slxweb.dll
Not Found: /scripts/samples/search/webhits.exe
Not Found: /scripts/tools/dsnform.exe
Not Found: /scripts/srchadm/webhits.exe
Not Found: /scripts/tools/getdrvrs.exe
Not Found: /scripts/tools/getdrvs.exe
Not Found: /scripts/tools/mkilog.exe
Not Found: /scripts/tools/uploadn.asp
Not Found: /scripts/tools/newdsn.exe
Not Found: /scripts/upload.asp
Not Found: /scripts/uploadx.asp
Not Found: /scripts/tools/uploadx.asp
Not Found: /scripts/visadmin.exe
Not Found: /scripts/uploadn.asp
Not Found: /scripts/wa.exe
Not Found: /scripts/wguest.exe
Not Found: /search
Not Found: /search97.vts
Not Found: /secure/.htaccess
Not Found: /server-info
Not Found: /server-status
Not Found: /session/adminlogin
Not Found: /secure/.wwwacl
Not Found: /smdata.dat
Not Found: /showfile.asp
Not Found: /today.nsf
Not Found: /user.dat
Not Found: /tree.dat
Not Found: /ssi/envout.bat
Not Found: /userreg.cgi
Not Found: /usr/local/apache/share/htdocs/.htaccess
Not Found: /WebShop/logs/cc.txt
Not Found: /WebShop/logs/ck.log
Not Found: /whois_raw.cgi
Not Found: /WebShop/templates/cc.txt
Not Found: /WebSTAR
Not Found: /ws_ftp.ini
Not Found: /wwwboard.pl
Not Found: /.html/............*/config.sys
Not Found: /.html/............./config.sys
Not Found: /wwwboard/passwd.txt
Not Found: /.html/............/autoexec.bat
Not Found: /cgi-bin/GW5
Not Found: /....../autoexec.bat
Not Found: /cgi-bin/GW5/GWWEB.EXE
Not Found: /....../config.sys
Not Found: /cgi-bin/GWWEB.EXE
Not Found: /~root
Not Found: /HNAP1/
Not Found: /servlet/~ic/bsh.servlet.BshServlet
Invalid HTTP_HOST header: 'blog.imoeq.com'. You may need to add 'blog.imoeq.com' to ALLOWED_HOSTS.
Bad Request: /cdn-cgi/trace
Not Found: /robots.txt
Not Found: /.env
Not Found: /.env
Not Found: /Telerik.Web.UI.WebResource.axd
Invalid HTTP_HOST header: 'pinterface.biligame.net'. You may need to add 'pinterface.biligame.net' to ALLOWED_HOSTS.
Bad Request: /api/client/rsa
Not Found: /aaa9
Not Found: /aab9
Not Found: /fuN3
Not Found: /shell
Invalid HTTP_HOST header: 'yzf.420km.cn'. You may need to add 'yzf.420km.cn' to ALLOWED_HOSTS.
Bad Request: /index.html
Not Found: /shell
Not Found: /boaform/admin/formLogin
Not Found: /users/sign_in
Not Found: /system_api.php
Not Found: /c/version.js
Not Found: /streaming/clients_live.php
Not Found: /stalker_portal/c/version.js
Not Found: /stream/live.php
Not Found: /flu/403.html
Not Found: /pv/spa112.cfg
Not Found: /favicon.ico
Not Found: /favicon.ico
Not Found: /favicon.ico
Not Found: /plugins/weathermap/editor.php
Not Found: /vendor/phpunit/phpunit/src/Util/PHP/eval-stdin.php
Not Found: /vendor/phpunit/phpunit/src/Util/PHP/eval-stdin.php
Not Found: /solr/admin/info/system
Not Found: /index.php
Not Found: /console/
Not Found: /services/stickers.php
Not Found: /favicon.ico
Not Found: /robots.txt
Not Found: /.well-known/security.txt
Invalid HTTP_HOST header: 'www.qq.com'. You may need to add 'www.qq.com' to ALLOWED_HOSTS.
Bad Request: /404/search_children.js
Not Found: /phpmyadmin/index.php
Not Found: /pmd/index.php
Not Found: /phpmyadmin4.8.5/index.php
Not Found: /.env
Not Found: /HNAP1/
Not Found: /.env
Invalid HTTP_HOST header: '110.242.68.4'. You may need to add '110.242.68.4' to ALLOWED_HOSTS.
Bad Request: /
Not Found: /setup.cgi
Forbidden (CSRF cookie not set.): /
Not Found: /favicon.ico
Not Found: /HNAP1/
Forbidden (CSRF cookie not set.): /
Not Found: /.env
Not Found: /vendor/.env
Not Found: /42.192.10.118/.env
Not Found: /vendor/phpunit/phpunit/src/Util/PHP/eval-stdin.php
Not Found: /:80:undefined
Not Found: /vendor/phpunit/phpunit/src/Util/PHP/eval-stdin.php
Not Found: /navigation.html
Not Found: /cgi-bin/luci/;stok=/locale
Not Found: /fx_plcinf.html
Not Found: /ifixwebspace/
Not Found: /KingViewWeb/
Not Found: /webconfig.ini
Not Found: /vendor/phpunit/phpunit/src/Util/PHP/eval-stdin.php
Not Found: /zycfcdn.gdwlcloud.com/PLTV/88888888/224/3221225498/index.m3u8
Not Found: /zycfcdn.gdwlcloud.com/PLTV/88888888/224/3221225498/index.m3u8
Not Found: /zycfcdn.gdwlcloud.com/PLTV/88888888/224/3221225498/index.m3u8
Not Found: /index.php
Not Found: /webfig/
Not Found: /shell
Not Found: /shell
Not Found: /Autodiscover/Autodiscover.xml
Not Found: /_ignition/execute-solution
Not Found: /favicon.ico
Not Found: /robots.txt
Not Found: /goform/webLogin
Not Found: /servlet/~ic/bsh.servlet.BshServlet
Not Found: /boaform/admin/formLogin
Not Found: /boaform/admin/formLogin
Not Found: /solr/
Not Found: /robots.txt
Not Found: /.env
Forbidden (CSRF cookie not set.): /
Not Found: /.env
Not Found: /users/sign_in
Not Found: /boaform/admin/formLogin
Not Found: /boaform/admin/formLogin
Not Found: /plugins/weathermap/editor.php
Not Found: /vendor/phpunit/phpunit/src/Util/PHP/eval-stdin.php
Not Found: /HNAP1/
Not Found: /vendor/phpunit/phpunit/src/Util/PHP/eval-stdin.php
Not Found: /portal/redlion
Not Found: /user/register
Not Found: /actuator/health
Not Found: /index.php
Not Found: /console/
Not Found: /HNAP1/
Not Found: /Autodiscover/Autodiscover.xml
Not Found: /.env
Not Found: /config/getuser
Not Found: /_ignition/execute-solution
Not Found: /setup.cgi
Not Found: /robots.txt
Not Found: /sitemap.xml
Not Found: /.well-known/security.txt
Not Found: /favicon.ico
Not Found: /favicon.ico
Not Found: /ReportServer
Not Found: /.env
Not Found: /nmaplowercheck1648965631
Not Found: /scripts/WPnBr.dll
Not Found: /.git/HEAD
Not Found: /default.html
Not Found: /Portal/Portal.mwsl
Not Found: /sdk
Not Found: /CSS/Miniweb.css
Not Found: /default.shtml
Not Found: /functionRouter
Not Found: /docs/cplugError.html/
Not Found: /HNAP1
Forbidden (CSRF cookie not set.): /
Not Found: /default.pl
Not Found: /favicon.ico
Not Found: /__Additional
Not Found: /main.cgi
Invalid HTTP_HOST header: 'tg9ma1.scdiao.cn'. You may need to add 'tg9ma1.scdiao.cn' to ALLOWED_HOSTS.
Bad Request: /js/main.js
Not Found: /setup.cgi
Not Found: /.env
Forbidden (CSRF cookie not set.): /
Not Found: /boaform/admin/formLogin
Not Found: /HNAP1/
Not Found: /actuator/gateway/routes
Not Found: /Autodiscover/Autodiscover.xml
Not Found: /showLogin.cc
Not Found: /boaform/admin/formLogin
Not Found: /robots.txt
Not Found: /sitemap.xml
Invalid HTTP_HOST header: 'google.com'. You may need to add 'google.com' to ALLOWED_HOSTS.
Bad Request: /f5F01DP05Te/Cvg37dv4ny76.php
Not Found: /index.php
Not Found: /solr/admin/info/system
Not Found: /manager/text/list
Not Found: /vendor/phpunit/phpunit/src/Util/PHP/eval-stdin.php
Not Found: /_ignition/execute-solution
Not Found: /servlet/~ic/bsh.servlet.BshServlet
Not Found: /never_could_exists
Not Found: /never_could_exists
Not Found: /upnpdev.xml
Not Found: /axis2/never_could_exists.jws
Not Found: /favicon.ico
Not Found: /manager/html
Not Found: /config/getuser
Not Found: /boaform/admin/formLogin
Not Found: /boaform/admin/formLogin
Not Found: /users/sign_in
Not Found: /.env
Not Found: /sql/phpmyadmin5/index.php
Not Found: /phpmyadmin2021/index.php
Not Found: /database/index.php
Not Found: /phpMyAdmin1/index.php
Not Found: /plugins/weathermap/editor.php
Not Found: /bag2
Invalid HTTP_HOST header: 'zh.moegirl.org.cn'. You may need to add 'zh.moegirl.org.cn' to ALLOWED_HOSTS.
Bad Request: /
Invalid HTTP_HOST header: 'zh.moegirl.org.cn'. You may need to add 'zh.moegirl.org.cn' to ALLOWED_HOSTS.
Bad Request: /
Not Found: /setup.cgi
Not Found: /:80:undefined
Not Found: /web/cgi-bin/hi3510/param.cgi
Not Found: /web/cgi-bin/hi3510/param.cgi
Invalid HTTP_HOST header: 'www.qq.com'. You may need to add 'www.qq.com' to ALLOWED_HOSTS.
Bad Request: /404/search_children.js
Not Found: /favicon.ico
Not Found: /favicon.png
Not Found: /.env
Not Found: /phpmyadmin/index.php
Not Found: /pmd/index.php
Not Found: /phpmyadmin4.8.5/index.php
Not Found: /.env
Forbidden (CSRF cookie not set.): /
Not Found: /favicon.ico
Not Found: /robots.txt
Not Found: /.well-known/security.txt
Not Found: /sitemap.xml
Not Found: /shell
Not Found: /favicon.ico
Not Found: /favicon.png
Not Found: /boaform/admin/formLogin
Not Found: /vendor/phpunit/phpunit/src/Util/PHP/eval-stdin.php
Not Found: /vendor/phpunit/phpunit/src/Util/PHP/eval-stdin.php
Not Found: /favicon.ico
Not Found: /favicon.png
Not Found: /index.php
Not Found: /boaform/admin/formLogin
Not Found: /console/
Not Found: /boaform/admin/formLogin
Not Found: /Autodiscover/Autodiscover.xml
Not Found: /phpMyAdmin-3.0.0.0-all-languages/scripts/setup.php
Not Found: /phpMyAdmin-2.10.1.0/scripts/setup.php
Not Found: /phpMyAdmin-2.10.2.0/scripts/setup.php
Not Found: /phpMyAdmin-2.10.0.0/scripts/setup.php
Not Found: /phpMyAdmin-2.10.0.1/scripts/setup.php
Not Found: /phpMyAdmin-2.11.11/scripts/setup.php
Not Found: /phpMyAdmin-2.11.11.3/scripts/setup.ph
Not Found: /phpMyAdmin-2.11.11.3/scripts/setup.php
Not Found: /phpMyAdmin-2.11.1-all-languages/scripts/setup.php
Not Found: /phpMyAdmin-2/scripts/setup.php
Not Found: /phpMyadmin-2/scripts/setup.php
Not Found: /phpMyAdmin3/scripts/setup.php
Not Found: /my/scripts/setup.php
Not Found: /MyAdmin/scripts/setup.php
Not Found: /PHPMYADMIN/scripts/setup.php
Not Found: /db/scripts/setup.php
Not Found: /dbadmin/scripts/setup.php
Not Found: /myadmin/scripts/setup.php
Not Found: /MySQL/scripts/setup.php
Not Found: /mysql/scripts/setup.php
Not Found: /mysqladmin/scripts/setup.php
Not Found: /pHpMyAdMiN/scripts/setup.php
Not Found: /phpMyAdmin/scripts/setup.php
Not Found: /phpadmin/scripts/setup.php
Not Found: /phpmyadmin/scripts/setup.php
Not Found: /sqladm/scripts/setup.php
Not Found: /sqladmin/scripts/setup.php
Not Found: /phpmyadmin/scripts/db.init.php
Not Found: /phpMyAdmin/scripts/db.init.php
Not Found: /MyAdmin/scripts/setup.php
Not Found: /database/scripts/setup.php
Not Found: /phpAdmin/scripts/setup.php
Not Found: /phpmyadmin1/scripts/setup.php
Not Found: /phpmyadmin2/scripts/setup.php
Not Found: /pma/scripts/setup.php
Not Found: /php/phpMyAdmin/scripts/setup.php
Not Found: /php/phpmyadmin/scripts/setup.php
Not Found: /forum/phpmyadmin/scripts/setup.php
Not Found: /_phpMyAdmin/scripts/setup.php
Not Found: /_phpmyadmin/scripts/setup.php
Not Found: /websql/scripts/setup.php
Not Found: /php-my-admin/scripts/setup.php
Not Found: /php-myadmin/scripts/setup.php
Not Found: /web/scripts/setup.php
Not Found: /xampp/phpmyadmin/scripts/setup.php
Not Found: /web/phpMyAdmin/scripts/setup.php
Not Found: /web/phpmyadmin/scripts/setup.php
Not Found: /typo3/phpmyadmin/scripts/setup.php
Not Found: /cpphpmyadmin/scripts/setup.php
Not Found: /cpanelphpmyadmin/scripts/setup.php
Not Found: /blog/phpmyadmin/scripts/setup.php
Not Found: /apache-default/phpmyadmin/scripts/setup.php
Not Found: /administrator/components/com_joommyadmin/phpmyadmin/scripts/setup.php
Not Found: /_ignition/execute-solution
Not Found: /phpmyadmin7/scripts/setup.php
Not Found: /phpmyadmin6/scripts/setup.php
Not Found: /phpmyadmin5/scripts/setup.php
Not Found: /phpmyadmin4/scripts/setup.php
Not Found: /phpmyadmin3/scripts/setup.php
Not Found: /scripts/setup.php
Not Found: /setup.php
Not Found: /phpmyadmin/scripts/db___.init.php
Not Found: /phpMyAdmin/scripts/db___.init.php
Not Found: /myadmin/scripts/db___.init.php
Not Found: /PMA/scripts/db___.init.php
Not Found: /pma/scripts/db___.init.php
Not Found: /MyAdmin/scripts/db___.init.php
Not Found: /scripts/db___.init.php
Not Found: /sqlweb/scripts/setup.php
Not Found: /phpLDAPadmin/scripts/setup
Not Found: /p/m/a/scripts/setup.php
Not Found: /phpmy-admin/scripts/setup.php
Not Found: /phpMyAdmin/css/phpmyadmin.css.php
Not Found: /phpmyadmin/config.user.inc.php
Not Found: /phpMyAdmin/libraries/database_interface.lib.php
Not Found: /config/config.inc.php
Not Found: /2phpmyadmin/scripts/setup.php
Not Found: /phpMyAdmin/scripts/config.inc.php
Not Found: /phpMyAdmin-2.11.11.3-all-languages/scripts/setup.php
Not Found: /scripts/db.init.php
Not Found: /phpMyAdmin-3.1.3.0-english/scripts/setup.php
Not Found: /phpMyAdmin-3.1.3.0-all-languages/scripts/setup.php
Not Found: /phpMyAdmin-3.0.1.1-all-languages/scripts/setup.php
Not Found: /phpMyAdmin-3.1.2.0-english/scripts/setup.php
Not Found: /phpMyAdmin-3.1.2.0-all-languages/scripts/setup.php
Not Found: /phpMyAdmin-3.1.1.0-english/scripts/setup.php
Not Found: /phpMyAdmin-3.0.0-rc1-english/scripts/setup.php
Not Found: /phpMyAdmin-3.1.1.0-all-languages/scripts/setup.php
Not Found: /phpMyAdmin-3.1.0.0-english/scripts/setup.php 
Not Found: /phpMyAdmin-3.1.0.0-all-languages/scripts/setup.php 
Not Found: /phpMyAdmin-3.0.1.0-english/scripts/setup.php 
Not Found: /phpMyAdmin-3.0.1.0-all-languages/scripts/setup.php 
Not Found: /phpMyAdmin-3.0.0.0-english/scripts/setup.php  
Not Found: /phpMyAdmin-2.11.9.5-english/scripts/setup.php 
Not Found: /phpMyAdmin-2.11.9.5-all-languages/scripts/setup.php 
Not Found: /phpMyAdmin-2.11.9.4-english/scripts/setup.php 
Not Found: /phpMyAdmin-2.11.9.4-all-languages/scripts/setup.php 
Not Found: /phpMyAdmin-2.11.9.3-english/scripts/setup.php 
Not Found: /phpMyAdmin-2.11.9.3-all-languages/scripts/setup.php 
Not Found: /phpMyAdmin-2.11.9.2-english/scripts/setup.php 
Not Found: /phpMyAdmin-2.11.9.2-all-languages/scripts/setup.php 
Not Found: /phpMyAdmin-2.11.9.1-english/scripts/setup.php 
Not Found: /phpMyAdmin-2.11.9.1-all-languages/scripts/setup.php 
Not Found: /phpMyAdmin-2.11.9.0-english/scripts/setup.php 
Not Found: /phpMyAdmin-2.11.9.0-all-languages/scripts/setup.php 
Not Found: /phpMyAdmin-2.11.8.0-english/scripts/setup.php 
Not Found: /phpMyAdmin-2.11.8.0-all-languages/scripts/setup.php 
Not Found: /phpMyAdmin-2.11.7.1-english/scripts/setup.php 
Not Found: /phpMyAdmin-2.11.7.1-all-languages/scripts/setup.php 
Not Found: /phpMyAdmin-2.11.7.0-english/scripts/setup.php 
Not Found: /phpMyAdmin-2.11.7.0-all-languages/scripts/setup.php 
Not Found: /phpMyAdmin-2.11.6.0-english/scripts/setup.php 
Not Found: /phpMyAdmin-2.11.6.0-all-languages/scripts/setup.php 
Not Found: /phpMyAdmin-2.11.5.0-english/scripts/setup.php 
Not Found: /phpMyAdmin-2.11.5.0-all-languages/scripts/setup.php 
Not Found: /phpMyAdmin-2.11.4.0-english/scripts/setup.php 
Not Found: /phpMyAdmin-2.11.4.0-all-languages/scripts/setup.php
Not Found: /mysql-admin/scripts/setup.php
Not Found: /mysqlmanager/scripts/setup.php
Not Found: /sql/scripts/setup.php
Not Found: /fuN3
Not Found: /config/getuser
Not Found: /portal/redlion
Not Found: /actuator/health
Invalid HTTP_HOST header: '\\localhost'. The domain name provided is not valid according to RFC 1034/1035.
Bad Request: /admin/config.php
Not Found: /hudson
Not Found: /.env
Forbidden (CSRF cookie not set.): /
Not Found: /.env
Forbidden (CSRF cookie not set.): /
Not Found: /_ignition/execute-solution
Not Found: /favicon.ico
Not Found: /favicon.png
Not Found: /.env
Not Found: /boaform/admin/formLogin
Not Found: /er94tkoZmdJAV7YqH1FvDwhfTWT
Not Found: /.env
Invalid HTTP_HOST header: 'www.baidu.com'. You may need to add 'www.baidu.com' to ALLOWED_HOSTS.
Bad Request: /cache/global/img/gs.gif
Not Found: /vendor/phpunit/phpunit/src/Util/PHP/eval-stdin.php
Not Found: /.DS_Store
Not Found: /favicon.ico
Not Found: /solr/admin/info/system
Not Found: /index.php
Not Found: /.env
Forbidden (CSRF cookie not set.): /
Not Found: /phpmyadmin/index.php
Not Found: /phpmyadmin4.8.5/index.php
Not Found: /pmd/index.php
Not Found: /index.php
Not Found: /.git/config
Not Found: /console/
Not Found: /_ignition/execute-solution
Not Found: /favicon.ico
Not Found: /favicon.png
Not Found: /actuator/gateway/routes
Not Found: /favicon.ico
Not Found: /robots.txt
Not Found: /fuN3
Not Found: /.git/config
Not Found: /favicon.ico
Not Found: /favicon.png
Not Found: /.env
Forbidden (CSRF cookie not set.): /
Not Found: /web/cgi-bin/hi3510/param.cgi
Not Found: /boaform/admin/formLogin
Not Found: /.git/config
Not Found: /.git/config
Not Found: /boaform/admin/formLogin
Invalid HTTP_HOST header: '5.188.210.227'. You may need to add '5.188.210.227' to ALLOWED_HOSTS.
Bad Request: /echo.php
Not Found: /servlet/~ic/bsh.servlet.BshServlet
Not Found: /system_api.php
Not Found: /c/version.js
Not Found: /streaming/clients_live.php
Not Found: /stalker_portal/c/version.js
Not Found: /stream/live.php
Not Found: /flu/403.html
Not Found: /favicon.ico
Not Found: /favicon.png
Not Found: /.env
Forbidden (CSRF cookie not set.): /
Not Found: /users/sign_in
Not Found: /.env
Forbidden (CSRF cookie not set.): /
Not Found: /plugins/weathermap/editor.php
Not Found: /vendor/phpunit/phpunit/src/Util/PHP/eval-stdin.php
Not Found: /favicon.ico
Not Found: /robots.txt
Not Found: /vendor/phpunit/phpunit/src/Util/PHP/eval-stdin.php
Not Found: /solr/admin/info/system
Not Found: /index.php
Not Found: /favicon.ico
Not Found: /robots.txt
Not Found: /.env
Forbidden (CSRF cookie not set.): /
Not Found: /console/
Not Found: /Autodiscover/Autodiscover.xml
Not Found: /.env
Not Found: /ugccsy.qq.com/gzc_1000102_0b53juaacaaayqaaygqsibrmatodafaqabka.f0.mp4
Not Found: /ugccsy.qq.com/gzc_1000102_0b53juaacaaayqaaygqsibrmatodafaqabka.f0.mp4
Not Found: /ugccsy.qq.com/gzc_1000102_0b53juaacaaayqaaygqsibrmatodafaqabka.f0.mp4
Invalid HTTP_HOST header: 'www.starbet18.com'. You may need to add 'www.starbet18.com' to ALLOWED_HOSTS.
Bad Request: /doLogin
Not Found: /actuator/gateway/routes
Not Found: /.env
Forbidden (CSRF cookie not set.): /
Invalid HTTP_HOST header: 'www.qq.com'. You may need to add 'www.qq.com' to ALLOWED_HOSTS.
Bad Request: /404/search_children.js
Not Found: /boaform/admin/formLogin
Not Found: /.env
Forbidden (CSRF cookie not set.): /
Not Found: /favicon.ico
Not Found: /favicon.png
Not Found: /.env
Forbidden (CSRF cookie not set.): /
Not Found: /boaform/admin/formLogin
Not Found: /GponForm/diag_Form
Not Found: /robots.txt
Invalid HTTP_HOST header: 'example.com'. You may need to add 'example.com' to ALLOWED_HOSTS.
Bad Request: /
Not Found: /.env
Forbidden (CSRF cookie not set.): /
Not Found: /navigation.html
Not Found: /fx_plcinf.html
Not Found: /ifixwebspace/
Not Found: /cgi-bin/luci/;stok=/locale
Not Found: /KingViewWeb/
Not Found: /webconfig.ini
Not Found: /vendor/phpunit/phpunit/src/Util/PHP/eval-stdin.php
Not Found: /portal/redlion
Not Found: /favicon.ico
Not Found: /vendor/phpunit/phpunit/src/Util/PHP/eval-stdin.php
Not Found: /actuator/health
Not Found: /hudson
Not Found: /HNAP1/
Not Found: /solr/admin/info/system
Not Found: /text4041649426178
Not Found: /evox/about
Not Found: /sdk
Not Found: /HNAP1
Not Found: /favicon.ico
Not Found: /robots.txt
Invalid HTTP_HOST header: 'passport.baidu.com:80'. You may need to add 'passport.baidu.com' to ALLOWED_HOSTS.
Bad Request: /
Invalid HTTP_HOST header: '112.124.42.80:63435'. You may need to add '112.124.42.80' to ALLOWED_HOSTS.
Bad Request: /
Not Found: /console/
Not Found: /servlet/~ic/bsh.servlet.BshServlet
Not Found: /Autodiscover/Autodiscover.xml
Not Found: /_ignition/execute-solution
Not Found: /setup.cgi
Not Found: /actuator/gateway/routes
Invalid HTTP_HOST header: 'www.baidu.com'. You may need to add 'www.baidu.com' to ALLOWED_HOSTS.
Bad Request: /cache/global/img/gs.gif
Not Found: /.env
Forbidden (CSRF cookie not set.): /
Not Found: /config/getuser
Not Found: /.env
Forbidden (CSRF cookie not set.): /
Not Found: /users/sign_in
Not Found: /favicon.ico
Not Found: /robots.txt
Not Found: /sitemap.xml
Not Found: /\../ssl/yaws-key.pem
Not Found: /index.php
Not Found: /wp-content/plugins/aspose-cloud-ebook-generator/aspose_posts_exporter_download.php
Not Found: /index.php
Not Found: /rest/tinymce/1/macro/preview
Not Found: /client/index.php
Not Found: /wp-content/plugins/church-admin/display/download.php
Not Found: /wp-content/plugins/count-per-day/download.php
Not Found: /solr/admin/cores
Not Found: /wp-content/plugins/simple-fields/simple_fields.php
Not Found: /components/com_rwcards/captcha/captcha_image.php
Not Found: /wp-json/guppy/v2/load-guppy-users
Not Found: /_fragment
Not Found: /user.action
Forbidden (CSRF cookie not set.): /admin/auth/reset-password
Not Found: /pages/setup.php
Forbidden (CSRF cookie not set.): /
Not Found: /ebook/bookPerPub.php
Not Found: /.../.../.../.../.../.../.../.../.../windows/win.ini
Not Found: /index.php
Not Found: /index.php
Not Found: /(download)/etc/passwd
Not Found: /ajax/api/content_infraction/getIndexableContent
Not Found: /index.php
Not Found: /wp-admin/setup-config.php
Not Found: /devmode.action
Not Found: /pandora_console/ajax.php
Not Found: /DnnImageHandler.ashx
Not Found: /suite-api/api/auth/token/acquire
Not Found: /CFIDE/administrator/enter.cfm
Not Found: /login
Not Found: /cgi-bin/webproc
Invalid HTTP_HOST header: 'www.msftncsi.com'. You may need to add 'www.msftncsi.com' to ALLOWED_HOSTS.
Bad Request: /ncsi.txt
Not Found: /setup.cgi
Not Found: /favicon.ico
Not Found: /boaform/admin/formLogin
Not Found: /plugins/weathermap/editor.php
Not Found: /favicon.ico
Not Found: /favicon.png
Not Found: /sap/admin/public/default.html
Not Found: /sap/public/bc/ur/Login/assets/corbu/sap_logo.png
Not Found: /wp-admin/admin-ajax.php
Not Found: /wp-admin/admin-ajax.php
Not Found: /comm.php
Not Found: /viewrq.php
Not Found: /dev/tests/functional/credentials.xml.dist
Not Found: /dev/tests/functional/etc/config.xml.dist
Not Found: /reports/rwservlet/showenv
Not Found: /reports/rwservlet
Not Found: /unauth/php/change_password.php/"><svg/onload=alert(1)>
Not Found: /php/change_password.php/"><svg/onload=alert(1)>
Not Found: /WAN_wan.htm
Not Found: /WAN_wan.htm
Not Found: /actions/seomatic/meta-container/meta-link-container/
Not Found: /actions/seomatic/meta-container/all-meta-containers
Not Found: /vendor/phpunit/phpunit/src/Util/PHP/eval-stdin.php
Not Found: /index.php
Not Found: /config/getuser
Not Found: /console/
Not Found: /Autodiscover/Autodiscover.xml
Not Found: /favicon.ico
Not Found: /favicon.png
Not Found: /shell
Not Found: /_ignition/execute-solution
Not Found: /boaform/admin/formLogin
Not Found: /api/getServices
Not Found: /src/redirect.php
Not Found: /api/console/api_server
Not Found: /jobmanager/logs/..%2f..%2f..%2f..%2f..%2f..%2f..%2f..%2f..%2f..%2f..%2f..%2fetc%2fpasswd
Forbidden (CSRF cookie not set.): /
Not Found: /device.rsp
Not Found: /xmlrpc/pingback
Not Found: /wp-content/plugins/simple-image-manipulator/controller/download.php
Not Found: /info.html
Forbidden (CSRF cookie not set.): /admin/login/
Not Found: /wp-content/plugins/wechat-broadcast/wechat/Image.php
Not Found: /wp-content/plugins/ad-widget/views/modal/
Not Found: /wp-content/plugins/zip-attachments/download.php
Not Found: /index.php
Not Found: /cobbler_api
Not Found: /search/
Not Found: /wp-admin/admin-ajax.php
Not Found: /+CSCOE+/files/file_list.json
Not Found: /index.php
Not Found: /actuator/gateway/routes
Not Found: /index.php/bbs/index/download
Not Found: /api/snapshots
Not Found: /ui/h5-vsan/rest/proxy/service/com.vmware.vsan.client.services.capability.VsanCapabilityProvider/getClusterCapabilityData
Not Found: /checkValid
Not Found: /XMLCHART
Not Found: /auth/requestreset
Not Found: /index.php/catalogsearch/advanced/result/
Not Found: /zms/admin/index.php
Not Found: /index.php
Not Found: /index.php
Not Found: /portal/info.jsp
Not Found: /actuator/env
Not Found: /wp-content/plugins/wsecure/wsecure-config.php
Not Found: /cgi-bin/index2.asp
Not Found: /favicon.ico
Not Found: /robots.txt
Not Found: /.env
Not Found: /ReportServer
Not Found: /boaform/admin/formLogin
Not Found: /phpMyAdmin4/index.php
Not Found: /.env
Not Found: /.env
Not Found: /webui/
Not Found: /webui/
Not Found: /server/node_upgrade_srv.js
Not Found: /server/node_upgrade_srv.js
Not Found: /invoker/JMXInvokerServlet/
Not Found: /invoker/EJBInvokerServlet/
Not Found: /favicon.ico
Not Found: /sdk
Not Found: /nmaplowercheck1649609166
Not Found: /nmaplowercheck1649609192
Not Found: /HNAP1
Not Found: /evox/about
Invalid HTTP_HOST header: 'example.com'. You may need to add 'example.com' to ALLOWED_HOSTS.
Bad Request: /
Not Found: /RestAPI/LogonCustomization
Not Found: /RestAPI/LogonCustomization
Not Found: /RestAPI/Connection
Not Found: /help/admin-guide/test.jsp
Invalid HTTP_HOST header: '110.242.68.4'. You may need to add '110.242.68.4' to ALLOWED_HOSTS.
Bad Request: /
Invalid HTTP_HOST header: 'passport.baidu.com:80'. You may need to add 'passport.baidu.com' to ALLOWED_HOSTS.
Bad Request: /
Not Found: /cgi-bin/readycloud_control.cgi
Not Found: /wp-content/plugins/gracemedia-media-player/templates/files/ajax_controller.php
Not Found: /v1/query
Not Found: /index.php
Not Found: /duomiphp/ajax.php
Not Found: /v2/query
Not Found: /mifs/j_spring_security_check
Not Found: /boafrm/formSysCmd
Not Found: /wp-content/plugins/cherry-plugin/admin/import-export/download-content.php
Not Found: /maint/modules/endpointcfg/endpointcfg.php
Not Found: /xmlpserver/ReportTemplateService.xls
Not Found: /console/login/LoginForm.jsp
Not Found: /index.php
Not Found: /.axiom/accounts/do.json
Not Found: /lab.html
Not Found: /photoalbum/index.php
Not Found: /compliancepolicies.inc.php
Not Found: /jsp/help-sb-download.jsp
Not Found: /index.php
Not Found: /upgrade_handle.php
Not Found: /ucmdb-api/connect
Not Found: /index.php
Not Found: /index.php
Not Found: /fileDownload
Not Found: /wp-json/acf/v3/options/a
Not Found: /api/system/deviceinfo
Not Found: /wp-content/plugins/ebook-download/filedownload.php
Not Found: /index.php
Not Found: /component/music/album.html
Not Found: /api/experimental/test
Not Found: /api/experimental/dags/example_trigger_target_dag/paused/false
Not Found: /api/experimental/dags/example_trigger_target_dag/dag_runs
Not Found: /servlet/~ic/bsh.servlet.BshServlet
Not Found: /favicon.ico
Not Found: /favicon.png
Not Found: /vendor/phpunit/phpunit/src/Util/PHP/eval-stdin.php
Not Found: /manager/text/list
Not Found: /HNAP1/
Not Found: /.aws/credentials
Not Found: /phpinfo
Not Found: /phpinfo.php
Not Found: /.env.bak
Not Found: /info.php
Not Found: /config/aws.yml
Not Found: /_profiler/phpinfo
Not Found: /vendor/phpunit/phpunit/src/Util/PHP/eval-stdin.php
Not Found: /robots.txt
Not Found: /HNAP1/
Not Found: /index.php
Not Found: /phpmyadmin/index.php
Not Found: /index.php
Not Found: /.env
Forbidden (CSRF cookie not set.): /
Not Found: /include/makecvs.php
Not Found: /tos/index.php
Not Found: /cgi-bin/logo_extra_upload.cgi
Not Found: /logo/27WF7GHkB5qd4I8iNrCiWbHMqXf.txt
Not Found: /boaform/admin/formLogin
Not Found: /wp-admin/options-general.php
Not Found: /console/
Forbidden (CSRF token missing.): /
Not Found: /SDK/webLanguage
Not Found: /x
Not Found: /wp-admin/admin-ajax.php
Not Found: /wp-content/uploads/wp_dndcf7_uploads/wpcf7-files/27WF7H0CtnH3LOwM31cxigx9S5D.txt
Not Found: /Autodiscover/Autodiscover.xml
Not Found: /wp-admin/admin-ajax.php
Not Found: /blog/wp-admin/admin-ajax.php
Not Found: /plugins/weathermap/editor.php
Not Found: /_ignition/execute-solution
Not Found: /actuator/gateway/routes
Not Found: /config/getuser
Not Found: /phpmyadmin5/index.php
Not Found: /_phpmyadmin_/index.php
Not Found: /phpMyAdmin3/index.php
Not Found: /.env
Not Found: /.env
Forbidden (CSRF cookie not set.): /
Not Found: /favicon.ico
Invalid HTTP_HOST header: '110.242.68.4'. You may need to add '110.242.68.4' to ALLOWED_HOSTS.
Bad Request: /
Invalid HTTP_HOST header: 'www.qq.com'. You may need to add 'www.qq.com' to ALLOWED_HOSTS.
Bad Request: /404/search_children.js
Not Found: /favicon.ico
*** Starting uWSGI 2.0.20 (64bit) on [Mon Apr 11 21:12:26 2022] ***
compiled with version: 9.3.0 on 31 January 2022 07:56:36
os: Linux-5.4.0-90-generic #101-Ubuntu SMP Fri Oct 15 20:00:55 UTC 2021
nodename: VM-12-3-ubuntu
machine: x86_64
clock source: unix
detected number of CPU cores: 2
current working directory: /home/ubuntu/anaconda3/envs/DjangoZmlhjf/django_Zmlhjf
detected binary path: /usr/local/bin/uwsgi
!!! no internal routing support, rebuild with pcre support !!!
uWSGI running as root, you can use --uid/--gid/--chroot options
*** WARNING: you are running uWSGI as root !!! (use the --uid flag) *** 
chdir() to /home/ubuntu/anaconda3/envs/DjangoZmlhjf/django_Zmlhjf
your processes number limit is 15359
your memory page size is 4096 bytes
detected max file descriptor number: 1024
lock engine: pthread robust mutexes
thunder lock: disabled (you can enable it with --thunder-lock)
probably another instance of uWSGI is running on the same address (127.0.0.1:8000).
bind(): Address already in use [core/socket.c line 769]
*** Starting uWSGI 2.0.20 (64bit) on [Mon Apr 11 21:13:13 2022] ***
compiled with version: 9.3.0 on 31 January 2022 07:56:36
os: Linux-5.4.0-90-generic #101-Ubuntu SMP Fri Oct 15 20:00:55 UTC 2021
nodename: VM-12-3-ubuntu
machine: x86_64
clock source: unix
detected number of CPU cores: 2
current working directory: /home/ubuntu/anaconda3/envs/DjangoZmlhjf/django_Zmlhjf
detected binary path: /usr/local/bin/uwsgi
!!! no internal routing support, rebuild with pcre support !!!
uWSGI running as root, you can use --uid/--gid/--chroot options
*** WARNING: you are running uWSGI as root !!! (use the --uid flag) *** 
chdir() to /home/ubuntu/anaconda3/envs/DjangoZmlhjf/django_Zmlhjf
your processes number limit is 15359
your memory page size is 4096 bytes
detected max file descriptor number: 1024
lock engine: pthread robust mutexes
thunder lock: disabled (you can enable it with --thunder-lock)
uwsgi socket 0 bound to TCP address 127.0.0.1:8000 fd 3
uWSGI running as root, you can use --uid/--gid/--chroot options
*** WARNING: you are running uWSGI as root !!! (use the --uid flag) *** 
Python version: 3.9.5 (default, Nov 23 2021, 15:27:38)  [GCC 9.3.0]
Set PythonHome to /home/ubuntu/anaconda3/envs/DjangoZmlhjf
*** Python threads support is disabled. You can enable it with --enable-threads ***
Python main interpreter initialized at 0x559797914ce0
uWSGI running as root, you can use --uid/--gid/--chroot options
*** WARNING: you are running uWSGI as root !!! (use the --uid flag) *** 
your server socket listen backlog is limited to 100 connections
your mercy for graceful operations on workers is 60 seconds
mapped 145808 bytes (142 KB) for 1 cores
*** Operational MODE: single process ***
WSGI app 0 (mountpoint='') ready in 0 seconds on interpreter 0x559797914ce0 pid: 2082846 (default app)
uWSGI running as root, you can use --uid/--gid/--chroot options
*** WARNING: you are running uWSGI as root !!! (use the --uid flag) *** 
*** uWSGI is running in multiple interpreter mode ***
spawned uWSGI master process (pid: 2082846)
spawned uWSGI worker 1 (pid: 2082848, cores: 1)
Not Found: /.git/config
Internal Server Error: /index/
Traceback (most recent call last):
  File "/home/ubuntu/anaconda3/envs/DjangoZmlhjf/lib/python3.9/site-packages/django/urls/base.py", line 71, in reverse
    extra, resolver = resolver.namespace_dict[ns]
KeyError: 'login'

During handling of the above exception, another exception occurred:

Traceback (most recent call last):
  File "/home/ubuntu/anaconda3/envs/DjangoZmlhjf/lib/python3.9/site-packages/django/core/handlers/exception.py", line 47, in inner
    response = get_response(request)
  File "/home/ubuntu/anaconda3/envs/DjangoZmlhjf/lib/python3.9/site-packages/django/core/handlers/base.py", line 181, in _get_response
    response = wrapped_callback(request, *callback_args, **callback_kwargs)
  File "/home/ubuntu/anaconda3/envs/DjangoZmlhjf/django_Zmlhjf/./login/views.py", line 10, in index
    return render(request, 'login/index.html', locals())
  File "/home/ubuntu/anaconda3/envs/DjangoZmlhjf/lib/python3.9/site-packages/django/shortcuts.py", line 19, in render
    content = loader.render_to_string(template_name, context, request, using=using)
  File "/home/ubuntu/anaconda3/envs/DjangoZmlhjf/lib/python3.9/site-packages/django/template/loader.py", line 62, in render_to_string
    return template.render(context, request)
  File "/home/ubuntu/anaconda3/envs/DjangoZmlhjf/lib/python3.9/site-packages/django/template/backends/django.py", line 61, in render
    return self.template.render(context)
  File "/home/ubuntu/anaconda3/envs/DjangoZmlhjf/lib/python3.9/site-packages/django/template/base.py", line 176, in render
    return self._render(context)
  File "/home/ubuntu/anaconda3/envs/DjangoZmlhjf/lib/python3.9/site-packages/django/template/base.py", line 168, in _render
    return self.nodelist.render(context)
  File "/home/ubuntu/anaconda3/envs/DjangoZmlhjf/lib/python3.9/site-packages/django/template/base.py", line 977, in render
    return SafeString(''.join([
  File "/home/ubuntu/anaconda3/envs/DjangoZmlhjf/lib/python3.9/site-packages/django/template/base.py", line 978, in <listcomp>
    node.render_annotated(context) for node in self
  File "/home/ubuntu/anaconda3/envs/DjangoZmlhjf/lib/python3.9/site-packages/django/template/base.py", line 938, in render_annotated
    return self.render(context)
  File "/home/ubuntu/anaconda3/envs/DjangoZmlhjf/lib/python3.9/site-packages/django/template/defaulttags.py", line 442, in render
    url = reverse(view_name, args=args, kwargs=kwargs, current_app=current_app)
  File "/home/ubuntu/anaconda3/envs/DjangoZmlhjf/lib/python3.9/site-packages/django/urls/base.py", line 82, in reverse
    raise NoReverseMatch("%s is not a registered namespace" % key)
django.urls.exceptions.NoReverseMatch: 'login' is not a registered namespace
*** Starting uWSGI 2.0.20 (64bit) on [Mon Apr 11 21:30:27 2022] ***
compiled with version: 9.3.0 on 31 January 2022 07:56:36
os: Linux-5.4.0-90-generic #101-Ubuntu SMP Fri Oct 15 20:00:55 UTC 2021
nodename: VM-12-3-ubuntu
machine: x86_64
clock source: unix
detected number of CPU cores: 2
current working directory: /home/ubuntu/anaconda3/envs/DjangoZmlhjf/django_Zmlhjf
detected binary path: /usr/local/bin/uwsgi
!!! no internal routing support, rebuild with pcre support !!!
uWSGI running as root, you can use --uid/--gid/--chroot options
*** WARNING: you are running uWSGI as root !!! (use the --uid flag) *** 
chdir() to /home/ubuntu/anaconda3/envs/DjangoZmlhjf/django_Zmlhjf
your processes number limit is 15359
your memory page size is 4096 bytes
detected max file descriptor number: 1024
lock engine: pthread robust mutexes
thunder lock: disabled (you can enable it with --thunder-lock)
uwsgi socket 0 bound to TCP address 127.0.0.1:8000 fd 3
uWSGI running as root, you can use --uid/--gid/--chroot options
*** WARNING: you are running uWSGI as root !!! (use the --uid flag) *** 
Python version: 3.9.5 (default, Nov 23 2021, 15:27:38)  [GCC 9.3.0]
Set PythonHome to /home/ubuntu/anaconda3/envs/DjangoZmlhjf
*** Python threads support is disabled. You can enable it with --enable-threads ***
Python main interpreter initialized at 0x5566f325bce0
uWSGI running as root, you can use --uid/--gid/--chroot options
*** WARNING: you are running uWSGI as root !!! (use the --uid flag) *** 
your server socket listen backlog is limited to 100 connections
your mercy for graceful operations on workers is 60 seconds
mapped 145808 bytes (142 KB) for 1 cores
*** Operational MODE: single process ***
WSGI app 0 (mountpoint='') ready in 1 seconds on interpreter 0x5566f325bce0 pid: 2085351 (default app)
uWSGI running as root, you can use --uid/--gid/--chroot options
*** WARNING: you are running uWSGI as root !!! (use the --uid flag) *** 
*** uWSGI is running in multiple interpreter mode ***
spawned uWSGI master process (pid: 2085351)
spawned uWSGI worker 1 (pid: 2085352, cores: 1)
Not Found: /
Not Found: /favicon.ico
Not Found: /
Not Found: /
Not Found: /
Not Found: /favicon.ico
Not Found: /
Invalid HTTP_HOST header: 'passport.baidu.com:80'. You may need to add 'passport.baidu.com' to ALLOWED_HOSTS.
Bad Request: /
Not Found: /
Not Found: /favicon.ico
Not Found: /
Not Found: /.aws/credentials
Not Found: /phpinfo
Not Found: /phpinfo.php
Not Found: /.env.bak
Not Found: /info.php
Not Found: /config/aws.yml
Not Found: /_profiler/phpinfo
Not Found: /.env
Not Found: /
Not Found: /
Not Found: /portal/redlion
Not Found: /
Not Found: /actuator/health
Not Found: /hudson
Not Found: /
Not Found: /
Not Found: /
Not Found: /
Not Found: /
Not Found: /shell
Not Found: /
Not Found: /
Not Found: /
Not Found: /
Not Found: /
Not Found: /
Not Found: /nmaplowercheck1649720613
Not Found: /
Not Found: /HNAP1
Not Found: /evox/about
Not Found: /sdk
Not Found: /nmaplowercheck1649720627
Not Found: /HNAP1
Not Found: /evox/about
Not Found: /
Not Found: /sdk
Not Found: /
Not Found: /
Not Found: /
Not Found: /
Not Found: /
Not Found: /sdk
Not Found: /nmaplowercheck1649722140
Not Found: /scripts/WPnBr.dll
Not Found: /s4qD
Not Found: /Portal/Portal.mwsl
Not Found: /
Not Found: /owa/auth/x.js
Not Found: /logon/LogonPoint/tmindex.html
Not Found: /owa
Not Found: /Portal0000.htm
Not Found: /.git/HEAD
Not Found: /
Not Found: /ui/h5-vsan/rest/proxy/service/com.vmware.vsan.client.services.capability.VsanCapabilityProvider/getClusterCapabilityData
Not Found: /autodiscover/autodiscover.json
Not Found: /main.asp
Not Found: /CSS/Miniweb.css
Not Found: /
Not Found: /
Not Found: /docs/cplugError.html/
Not Found: /pools/default/buckets
Not Found: /__Additional
Not Found: /home.aspx
Not Found: /HNAP1
Not Found: /
Not Found: /
Not Found: /pools
Not Found: /index.cgi
Not Found: /favicon.ico
Not Found: /index.jhtml
Not Found: /menu.pl
Not Found: /indice.asp
Not Found: /localstart.jhtml
Not Found: /index.cfm
Not Found: /default.shtml
Not Found: /base.html
Not Found: /home.cfm
Not Found: /admin.aspx
Not Found: /main.pl
Not Found: /main.html
Not Found: /admin.jhtml
Not Found: /admin.shtml
Not Found: /localstart.asp
Not Found: /indice.html
Not Found: /main.php
Not Found: /
Not Found: /
Not Found: /boaform/admin/formLogin
Not Found: /
Not Found: /
Not Found: /boaform/admin/formLogin
Not Found: /
Not Found: /index.php
Not Found: /
Not Found: /
Invalid HTTP_HOST header: 'maicai.api.ddxq.mobi'. You may need to add 'maicai.api.ddxq.mobi' to ALLOWED_HOSTS.
Bad Request: /
Not Found: /
Not Found: /home.jsa
Not Found: /Portal0000.htm
Not Found: /CSS/Miniweb.css
Not Found: /
Not Found: /
Not Found: /
Not Found: /functionRouter
Not Found: /.git/HEAD
Not Found: /
Not Found: /TDkY
Not Found: /
Not Found: /Portal/Portal.mwsl
Not Found: /__Additional
Not Found: /
Not Found: /robots.txt
Not Found: /
Not Found: /nmaplowercheck1649740187
Not Found: /start.jsa
Not Found: /pools/default/buckets
Not Found: /HNAP1
Not Found: /favicon.ico
Not Found: /
Not Found: /tomcatwar.jsp
Not Found: /pools
Not Found: /ghksjdghdfksanitycheckqwerjlhfgjksdghlid
Not Found: /
Not Found: /
Not Found: /
Not Found: /
Not Found: /console/
Not Found: /
Not Found: /robots.txt
Not Found: /_ignition/execute-solution
Not Found: /
Not Found: /
Not Found: /
Not Found: /
Not Found: /
Not Found: /favicon.ico
Internal Server Error: /index/
Traceback (most recent call last):
  File "/home/ubuntu/anaconda3/envs/DjangoZmlhjf/lib/python3.9/site-packages/django/core/handlers/exception.py", line 47, in inner
    response = get_response(request)
  File "/home/ubuntu/anaconda3/envs/DjangoZmlhjf/lib/python3.9/site-packages/django/core/handlers/base.py", line 181, in _get_response
    response = wrapped_callback(request, *callback_args, **callback_kwargs)
  File "/home/ubuntu/anaconda3/envs/DjangoZmlhjf/django_Zmlhjf/./login/views.py", line 10, in index
    return render(request, 'login/index.html', locals())
  File "/home/ubuntu/anaconda3/envs/DjangoZmlhjf/lib/python3.9/site-packages/django/shortcuts.py", line 19, in render
    content = loader.render_to_string(template_name, context, request, using=using)
  File "/home/ubuntu/anaconda3/envs/DjangoZmlhjf/lib/python3.9/site-packages/django/template/loader.py", line 62, in render_to_string
    return template.render(context, request)
  File "/home/ubuntu/anaconda3/envs/DjangoZmlhjf/lib/python3.9/site-packages/django/template/backends/django.py", line 61, in render
    return self.template.render(context)
  File "/home/ubuntu/anaconda3/envs/DjangoZmlhjf/lib/python3.9/site-packages/django/template/base.py", line 176, in render
    return self._render(context)
  File "/home/ubuntu/anaconda3/envs/DjangoZmlhjf/lib/python3.9/site-packages/django/template/base.py", line 168, in _render
    return self.nodelist.render(context)
  File "/home/ubuntu/anaconda3/envs/DjangoZmlhjf/lib/python3.9/site-packages/django/template/base.py", line 977, in render
    return SafeString(''.join([
  File "/home/ubuntu/anaconda3/envs/DjangoZmlhjf/lib/python3.9/site-packages/django/template/base.py", line 978, in <listcomp>
    node.render_annotated(context) for node in self
  File "/home/ubuntu/anaconda3/envs/DjangoZmlhjf/lib/python3.9/site-packages/django/template/base.py", line 938, in render_annotated
    return self.render(context)
  File "/home/ubuntu/anaconda3/envs/DjangoZmlhjf/lib/python3.9/site-packages/django/template/defaulttags.py", line 442, in render
    url = reverse(view_name, args=args, kwargs=kwargs, current_app=current_app)
  File "/home/ubuntu/anaconda3/envs/DjangoZmlhjf/lib/python3.9/site-packages/django/urls/base.py", line 86, in reverse
    return resolver._reverse_with_prefix(view, prefix, *args, **kwargs)
  File "/home/ubuntu/anaconda3/envs/DjangoZmlhjf/lib/python3.9/site-packages/django/urls/resolvers.py", line 729, in _reverse_with_prefix
    raise NoReverseMatch(msg)
django.urls.exceptions.NoReverseMatch: Reverse for 'logout' not found. 'logout' is not a valid view function or pattern name.
*** Starting uWSGI 2.0.20 (64bit) on [Tue Apr 12 15:41:15 2022] ***
compiled with version: 9.3.0 on 31 January 2022 07:56:36
os: Linux-5.4.0-90-generic #101-Ubuntu SMP Fri Oct 15 20:00:55 UTC 2021
nodename: VM-12-3-ubuntu
machine: x86_64
clock source: unix
detected number of CPU cores: 2
current working directory: /home/ubuntu/anaconda3/envs/DjangoZmlhjf/django_Zmlhjf
detected binary path: /usr/local/bin/uwsgi
!!! no internal routing support, rebuild with pcre support !!!
uWSGI running as root, you can use --uid/--gid/--chroot options
*** WARNING: you are running uWSGI as root !!! (use the --uid flag) *** 
chdir() to /home/ubuntu/anaconda3/envs/DjangoZmlhjf/django_Zmlhjf
your processes number limit is 15359
your memory page size is 4096 bytes
detected max file descriptor number: 1024
lock engine: pthread robust mutexes
thunder lock: disabled (you can enable it with --thunder-lock)
uwsgi socket 0 bound to TCP address 127.0.0.1:8000 fd 3
uWSGI running as root, you can use --uid/--gid/--chroot options
*** WARNING: you are running uWSGI as root !!! (use the --uid flag) *** 
Python version: 3.9.5 (default, Nov 23 2021, 15:27:38)  [GCC 9.3.0]
Set PythonHome to /home/ubuntu/anaconda3/envs/DjangoZmlhjf
*** Python threads support is disabled. You can enable it with --enable-threads ***
Python main interpreter initialized at 0x55fc43b93ce0
uWSGI running as root, you can use --uid/--gid/--chroot options
*** WARNING: you are running uWSGI as root !!! (use the --uid flag) *** 
your server socket listen backlog is limited to 100 connections
your mercy for graceful operations on workers is 60 seconds
mapped 145808 bytes (142 KB) for 1 cores
*** Operational MODE: single process ***
WSGI app 0 (mountpoint='') ready in 0 seconds on interpreter 0x55fc43b93ce0 pid: 2243605 (default app)
uWSGI running as root, you can use --uid/--gid/--chroot options
*** WARNING: you are running uWSGI as root !!! (use the --uid flag) *** 
*** uWSGI is running in multiple interpreter mode ***
spawned uWSGI master process (pid: 2243605)
spawned uWSGI worker 1 (pid: 2243606, cores: 1)
Not Found: /navigation.html
Not Found: /cgi-bin/luci/;stok=/locale
Not Found: /fx_plcinf.html
Not Found: /ifixwebspace/
Not Found: /KingViewWeb/
Not Found: /webconfig.ini
Not Found: /actuator/gateway/routes
Not Found: /boaform/admin/formLogin
Not Found: /.env
Forbidden (CSRF cookie not set.): /
Not Found: /invoker/readonly
Not Found: /_ignition/execute-solution
Not Found: /script
Not Found: /login
Not Found: /jenkins/login
Not Found: /manager/html
Not Found: /wp-login.php
Not Found: /users/sign_in
Invalid HTTP_HOST header: 'passport.baidu.com:80'. You may need to add 'passport.baidu.com' to ALLOWED_HOSTS.
Bad Request: /
Not Found: /.env
Forbidden (CSRF cookie not set.): /
Invalid HTTP_HOST header: 'dyn.epicgifs.net'. You may need to add 'dyn.epicgifs.net' to ALLOWED_HOSTS.
Bad Request: /test6956.php
Not Found: /dGVzdA
Invalid HTTP_HOST header: 'passport.baidu.com:80'. You may need to add 'passport.baidu.com' to ALLOWED_HOSTS.
Bad Request: /
Not Found: /favicon.ico
Not Found: /boaform/admin/formLogin
Invalid HTTP_HOST header: 'passport.baidu.com:80'. You may need to add 'passport.baidu.com' to ALLOWED_HOSTS.
Bad Request: /
Not Found: /servlet/~ic/bsh.servlet.BshServlet
Not Found: /phpMyAdmin4.8.5/index.php
Not Found: /boaform/admin/formLogin
Not Found: /pmd/index.php
Not Found: /pmd/index.php
Not Found: /users/sign_in
Invalid HTTP_HOST header: 'www.zmlhjf.cn'. You may need to add 'www.zmlhjf.cn' to ALLOWED_HOSTS.
Bad Request: /
Invalid HTTP_HOST header: 'www.zmlhjf.cn'. You may need to add 'www.zmlhjf.cn' to ALLOWED_HOSTS.
Bad Request: /favicon.ico
*** Starting uWSGI 2.0.20 (64bit) on [Wed Apr 13 11:41:44 2022] ***
compiled with version: 9.3.0 on 31 January 2022 07:56:36
os: Linux-5.4.0-90-generic #101-Ubuntu SMP Fri Oct 15 20:00:55 UTC 2021
nodename: VM-12-3-ubuntu
machine: x86_64
clock source: unix
detected number of CPU cores: 2
current working directory: /home/ubuntu/anaconda3/envs/DjangoZmlhjf/django_Zmlhjf
detected binary path: /usr/local/bin/uwsgi
!!! no internal routing support, rebuild with pcre support !!!
uWSGI running as root, you can use --uid/--gid/--chroot options
*** WARNING: you are running uWSGI as root !!! (use the --uid flag) *** 
chdir() to /home/ubuntu/anaconda3/envs/DjangoZmlhjf/django_Zmlhjf
your processes number limit is 15359
your memory page size is 4096 bytes
detected max file descriptor number: 1024
lock engine: pthread robust mutexes
thunder lock: disabled (you can enable it with --thunder-lock)
uwsgi socket 0 bound to TCP address 127.0.0.1:8000 fd 3
uWSGI running as root, you can use --uid/--gid/--chroot options
*** WARNING: you are running uWSGI as root !!! (use the --uid flag) *** 
Python version: 3.9.5 (default, Nov 23 2021, 15:27:38)  [GCC 9.3.0]
Set PythonHome to /home/ubuntu/anaconda3/envs/DjangoZmlhjf
*** Python threads support is disabled. You can enable it with --enable-threads ***
Python main interpreter initialized at 0x55d66525fce0
uWSGI running as root, you can use --uid/--gid/--chroot options
*** WARNING: you are running uWSGI as root !!! (use the --uid flag) *** 
your server socket listen backlog is limited to 100 connections
your mercy for graceful operations on workers is 60 seconds
mapped 145808 bytes (142 KB) for 1 cores
*** Operational MODE: single process ***
WSGI app 0 (mountpoint='') ready in 0 seconds on interpreter 0x55d66525fce0 pid: 2416911 (default app)
uWSGI running as root, you can use --uid/--gid/--chroot options
*** WARNING: you are running uWSGI as root !!! (use the --uid flag) *** 
*** uWSGI is running in multiple interpreter mode ***
spawned uWSGI master process (pid: 2416911)
spawned uWSGI worker 1 (pid: 2416914, cores: 1)
Not Found: /favicon.ico
Not Found: /favicon.ico
Not Found: /favicon.ico
Not Found: /boaform/admin/formLogin
invalid request block size: 4404 (max 4096)...skip
Not Found: /vendor/phpunit/phpunit/src/Util/PHP/eval-stdin.php
Not Found: /mysql/db/index.php
Not Found: /mysql/dbadmin/index.php
Not Found: /mysql/admin/index.php
Not Found: /phpmyadmin2011/index.php
Not Found: /phpmyadmin4/index.php
Not Found: /mysql/sqlmanager/index.php
Not Found: /mysql/pMA/index.php
Not Found: /phpmyadmin2012/index.php
Not Found: /sql/sql-admin/index.php
Not Found: /phpmyadmin2018/index.php
Not Found: /sql/phpMyAdmin2/index.php
Not Found: /plugins/weathermap/editor.php
Not Found: /index.php
